\BOOKMARK [1][-]{section.1}{PRINCIPE DE L'OUTIL TRACER}{}% 1
\BOOKMARK [2][-]{subsection.1.1}{Equation de base}{section.1}% 2
\BOOKMARK [2][-]{subsection.1.2}{Discrétisation et résolution numérique sur un bief}{section.1}% 3
\BOOKMARK [2][-]{subsection.1.3}{Choix du coefficient de diffusion longitudinale}{section.1}% 4
\BOOKMARK [2][-]{subsection.1.4}{Mise en oeuvre dans l'outil TRACER}{section.1}% 5
\BOOKMARK [1][-]{section.2}{APPLICATION DE TRACER A LA QUALITE D'EAU}{}% 6
\BOOKMARK [2][-]{subsection.2.1}{Les modèles de qualité d'eau}{section.2}% 7
\BOOKMARK [2][-]{subsection.2.2}{Leur mise en équation}{section.2}% 8
\BOOKMARK [2][-]{subsection.2.3}{Leur intégration dans le système MASCARET}{section.2}% 9
\BOOKMARK [3][-]{subsubsection.2.3.1}{L'organisation au sein du système}{subsection.2.3}% 10
\BOOKMARK [3][-]{subsubsection.2.3.2}{Modules de qualité d'eau}{subsection.2.3}% 11
\BOOKMARK [1][-]{section.3}{MODULE O2}{}% 12
\BOOKMARK [2][-]{subsection.3.1}{Oygène dissous}{section.3}% 13
\BOOKMARK [2][-]{subsection.3.2}{Charge organique}{section.3}% 14
\BOOKMARK [2][-]{subsection.3.3}{Charge ammoniacale}{section.3}% 15
\BOOKMARK [2][-]{subsection.3.4}{Equation résolue}{section.3}% 16
\BOOKMARK [1][-]{section.4}{MODULE BIOMASS}{}% 17
\BOOKMARK [2][-]{subsection.4.1}{Phytoplancton}{section.4}% 18
\BOOKMARK [2][-]{subsection.4.2}{Nutriments azotés et phosphorés}{section.4}% 19
\BOOKMARK [2][-]{subsection.4.3}{Equations résolues}{section.4}% 20
\BOOKMARK [1][-]{section.5}{MODULE EUTRO}{}% 21
\BOOKMARK [2][-]{subsection.5.1}{Les processus représentés}{section.5}% 22
\BOOKMARK [2][-]{subsection.5.2}{Phytoplancton}{section.5}% 23
\BOOKMARK [2][-]{subsection.5.3}{Nutriments azotés et phosphorés}{section.5}% 24
\BOOKMARK [2][-]{subsection.5.4}{Charge organique}{section.5}% 25
\BOOKMARK [2][-]{subsection.5.5}{Oxygène dissous}{section.5}% 26
\BOOKMARK [2][-]{subsection.5.6}{Equations résolues}{section.5}% 27
\BOOKMARK [2][-]{subsection.5.7}{Modélisation en traceurs}{section.5}% 28
\BOOKMARK [1][-]{section.6}{MODULE MICROPOL}{}% 29
\BOOKMARK [2][-]{subsection.6.1}{Les matières en suspension}{section.6}% 30
\BOOKMARK [2][-]{subsection.6.2}{Les micropolluants}{section.6}% 31
\BOOKMARK [2][-]{subsection.6.3}{Equations résolues}{section.6}% 32
\BOOKMARK [1][-]{section.7}{MODULE THERMIC}{}% 33
\BOOKMARK [2][-]{subsection.7.1}{Origine de la formulation en traceur : l'équation de conservation de l'énergie}{section.7}% 34
\BOOKMARK [2][-]{subsection.7.2}{Les flux de chaleur intervenant dans le bilan d'énergie}{section.7}% 35
\BOOKMARK [2][-]{subsection.7.3}{Equation résolue}{section.7}% 36
\BOOKMARK [1][-]{section.8}{CONCLUSIONS}{}% 37
\BOOKMARK [1][-]{section.9}{ANNEXE A}{}% 38
