This is pdfTeX, Version 3.1415926-1.40.11 (MiKTeX 2.9) (preloaded format=latex 2010.11.15)  11 DEC 2014 17:53
entering extended mode
**API_FR.tex
("E:\Mascaret\doc\FR\API - Specifications techniques\API_FR.tex"
LaTeX2e <2009/09/24>
Babel <v3.8l> and hyphenation patterns for english, afrikaans, ancientgreek, ar
abic, armenian, assamese, basque, bengali, bokmal, bulgarian, catalan, coptic, 
croatian, czech, danish, dutch, esperanto, estonian, farsi, finnish, french, ga
lician, german, german-x-2009-06-19, greek, gujarati, hindi, hungarian, iceland
ic, indonesian, interlingua, irish, italian, kannada, kurmanji, lao, latin, lat
vian, lithuanian, malayalam, marathi, mongolian, mongolianlmc, monogreek, ngerm
an, ngerman-x-2009-06-19, nynorsk, oriya, panjabi, pinyin, polish, portuguese, 
romanian, russian, sanskrit, serbian, slovak, slovenian, spanish, swedish, swis
sgerman, tamil, telugu, turkish, turkmen, ukenglish, ukrainian, uppersorbian, u
senglishmax, welsh, loaded.

(C:\Users\I21149\Documents\GRATUICIELS\USBTeX-1.6\programs\MiKTeX_2.9\tex\latex
\base\article.cls
Document Class: article 2007/10/19 v1.4h Standard LaTeX document class

(C:\Users\I21149\Documents\GRATUICIELS\USBTeX-1.6\programs\MiKTeX_2.9\tex\latex
\base\size11.clo
File: size11.clo 2007/10/19 v1.4h Standard LaTeX file (size option)
)
\c@part=\count79
\c@section=\count80
\c@subsection=\count81
\c@subsubsection=\count82
\c@paragraph=\count83
\c@subparagraph=\count84
\c@figure=\count85
\c@table=\count86
\abovecaptionskip=\skip41
\belowcaptionskip=\skip42
\bibindent=\dimen102
)
(C:\Users\I21149\Documents\GRATUICIELS\USBTeX-1.6\programs\MiKTeX_2.9\tex\latex
\base\fontenc.sty
Package: fontenc 2005/09/27 v1.99g Standard LaTeX package

(C:\Users\I21149\Documents\GRATUICIELS\USBTeX-1.6\programs\MiKTeX_2.9\tex\latex
\base\t1enc.def
File: t1enc.def 2005/09/27 v1.99g Standard LaTeX file
LaTeX Font Info:    Redeclaring font encoding T1 on input line 43.
))
(C:\Users\I21149\Documents\GRATUICIELS\USBTeX-1.6\programs\MiKTeX_2.9\tex\latex
\geometry\geometry.sty
Package: geometry 2010/09/12 v5.6 Page Geometry

(C:\Users\I21149\Documents\GRATUICIELS\USBTeX-1.6\programs\MiKTeX_2.9\tex\latex
\graphics\keyval.sty
Package: keyval 1999/03/16 v1.13 key=value parser (DPC)
\KV@toks@=\toks14
)
(C:\Users\I21149\Documents\GRATUICIELS\USBTeX-1.6\programs\MiKTeX_2.9\tex\gener
ic\oberdiek\ifpdf.sty
Package: ifpdf 2011/01/30 v2.3 Provides the ifpdf switch (HO)
Package ifpdf Info: pdfTeX in PDF mode is not detected.
)
(C:\Users\I21149\Documents\GRATUICIELS\USBTeX-1.6\programs\MiKTeX_2.9\tex\gener
ic\oberdiek\ifvtex.sty
Package: ifvtex 2010/03/01 v1.5 Switches for detecting VTeX and its modes (HO)
Package ifvtex Info: VTeX not detected.
)
(C:\Users\I21149\Documents\GRATUICIELS\USBTeX-1.6\programs\MiKTeX_2.9\tex\gener
ic\ifxetex\ifxetex.sty
Package: ifxetex 2010/09/12 v0.6 Provides ifxetex conditional
)
\Gm@cnth=\count87
\Gm@cntv=\count88
\c@Gm@tempcnt=\count89
\Gm@bindingoffset=\dimen103
\Gm@wd@mp=\dimen104
\Gm@odd@mp=\dimen105
\Gm@even@mp=\dimen106
\Gm@layoutwidth=\dimen107
\Gm@layoutheight=\dimen108
\Gm@layouthoffset=\dimen109
\Gm@layoutvoffset=\dimen110
\Gm@dimlist=\toks15

(C:\Users\I21149\Documents\GRATUICIELS\USBTeX-1.6\programs\MiKTeX_2.9\tex\latex
\geometry\geometry.cfg))
(C:\Users\I21149\Documents\GRATUICIELS\USBTeX-1.6\programs\MiKTeX_2.9\tex\gener
ic\babel\babel.sty
Package: babel 2008/07/06 v3.8l The Babel package

*************************************
* Local config file bblopts.cfg used
*

(C:\Users\I21149\Documents\GRATUICIELS\USBTeX-1.6\programs\MiKTeX_2.9\tex\latex
\00miktex\bblopts.cfg
File: bblopts.cfg 2006/07/31 v1.0 MiKTeX 'babel' configuration
)
(C:\Users\I21149\Documents\GRATUICIELS\USBTeX-1.6\programs\MiKTeX_2.9\tex\gener
ic\babel\frenchb.ldf
Language: frenchb 2009/03/16 v2.3d French support from the babel system

(C:\Users\I21149\Documents\GRATUICIELS\USBTeX-1.6\programs\MiKTeX_2.9\tex\gener
ic\babel\babel.def
File: babel.def 2008/07/06 v3.8l Babel common definitions
\babel@savecnt=\count90
\U@D=\dimen111
)
Package babel Info: Making : an active character on input line 120.
Package babel Info: Making ; an active character on input line 121.
Package babel Info: Making ! an active character on input line 122.
Package babel Info: Making ? an active character on input line 123.
\FB@Mht=\dimen112
\std@mcc=\count91
\dec@mcc=\count92
\parindentFFN=\dimen113

*************************************
* Local config file frenchb.cfg used
*

(C:\Users\I21149\Documents\GRATUICIELS\USBTeX-1.6\programs\MiKTeX_2.9\tex\gener
ic\babel\frenchb.cfg)))
(C:\Users\I21149\Documents\GRATUICIELS\USBTeX-1.6\programs\MiKTeX_2.9\tex\latex
\carlisle\scalefnt.sty)
(C:\Users\I21149\Documents\GRATUICIELS\USBTeX-1.6\programs\MiKTeX_2.9\tex\latex
\graphics\graphicx.sty
Package: graphicx 1999/02/16 v1.0f Enhanced LaTeX Graphics (DPC,SPQR)

(C:\Users\I21149\Documents\GRATUICIELS\USBTeX-1.6\programs\MiKTeX_2.9\tex\latex
\graphics\graphics.sty
Package: graphics 2009/02/05 v1.0o Standard LaTeX Graphics (DPC,SPQR)

(C:\Users\I21149\Documents\GRATUICIELS\USBTeX-1.6\programs\MiKTeX_2.9\tex\latex
\graphics\trig.sty
Package: trig 1999/03/16 v1.09 sin cos tan (DPC)
)
(C:\Users\I21149\Documents\GRATUICIELS\USBTeX-1.6\programs\MiKTeX_2.9\tex\latex
\00miktex\graphics.cfg
File: graphics.cfg 2007/01/18 v1.5 graphics configuration of teTeX/TeXLive
)
Package graphics Info: Driver file: dvips.def on input line 91.

(C:\Users\I21149\Documents\GRATUICIELS\USBTeX-1.6\programs\MiKTeX_2.9\tex\latex
\graphics\dvips.def
File: dvips.def 1999/02/16 v3.0i Driver-dependant file (DPC,SPQR)
))
\Gin@req@height=\dimen114
\Gin@req@width=\dimen115
)
(C:\Users\I21149\Documents\GRATUICIELS\USBTeX-1.6\programs\MiKTeX_2.9\tex\latex
\graphics\lscape.sty
Package: lscape 2000/10/22 v3.01 Landscape Pages (DPC)
)
(C:\Users\I21149\Documents\GRATUICIELS\USBTeX-1.6\programs\MiKTeX_2.9\tex\latex
\ams\math\amsmath.sty
Package: amsmath 2000/07/18 v2.13 AMS math features
\@mathmargin=\skip43

For additional information on amsmath, use the `?' option.

(C:\Users\I21149\Documents\GRATUICIELS\USBTeX-1.6\programs\MiKTeX_2.9\tex\latex
\ams\math\amstext.sty
Package: amstext 2000/06/29 v2.01

(C:\Users\I21149\Documents\GRATUICIELS\USBTeX-1.6\programs\MiKTeX_2.9\tex\latex
\ams\math\amsgen.sty
File: amsgen.sty 1999/11/30 v2.0
\@emptytoks=\toks16
\ex@=\dimen116
))
(C:\Users\I21149\Documents\GRATUICIELS\USBTeX-1.6\programs\MiKTeX_2.9\tex\latex
\ams\math\amsbsy.sty
Package: amsbsy 1999/11/29 v1.2d
\pmbraise@=\dimen117
)
(C:\Users\I21149\Documents\GRATUICIELS\USBTeX-1.6\programs\MiKTeX_2.9\tex\latex
\ams\math\amsopn.sty
Package: amsopn 1999/12/14 v2.01 operator names
)
\inf@bad=\count93
LaTeX Info: Redefining \frac on input line 211.
\uproot@=\count94
\leftroot@=\count95
LaTeX Info: Redefining \overline on input line 307.
\classnum@=\count96
\DOTSCASE@=\count97
LaTeX Info: Redefining \ldots on input line 379.
LaTeX Info: Redefining \dots on input line 382.
LaTeX Info: Redefining \cdots on input line 467.
\Mathstrutbox@=\box26
\strutbox@=\box27
\big@size=\dimen118
LaTeX Font Info:    Redeclaring font encoding OML on input line 567.
LaTeX Font Info:    Redeclaring font encoding OMS on input line 568.
\macc@depth=\count98
\c@MaxMatrixCols=\count99
\dotsspace@=\muskip10
\c@parentequation=\count100
\dspbrk@lvl=\count101
\tag@help=\toks17
\row@=\count102
\column@=\count103
\maxfields@=\count104
\andhelp@=\toks18
\eqnshift@=\dimen119
\alignsep@=\dimen120
\tagshift@=\dimen121
\tagwidth@=\dimen122
\totwidth@=\dimen123
\lineht@=\dimen124
\@envbody=\toks19
\multlinegap=\skip44
\multlinetaggap=\skip45
\mathdisplay@stack=\toks20
LaTeX Info: Redefining \[ on input line 2666.
LaTeX Info: Redefining \] on input line 2667.
)
(C:\Users\I21149\Documents\GRATUICIELS\USBTeX-1.6\programs\MiKTeX_2.9\tex\latex
\hyperref\hyperref.sty
Package: hyperref 2011/04/17 v6.82g Hypertext links for LaTeX

(C:\Users\I21149\Documents\GRATUICIELS\USBTeX-1.6\programs\MiKTeX_2.9\tex\gener
ic\oberdiek\hobsub-hyperref.sty
Package: hobsub-hyperref 2011/04/18 v1.3 Bundle oberdiek, subset hyperref (HO)

(C:\Users\I21149\Documents\GRATUICIELS\USBTeX-1.6\programs\MiKTeX_2.9\tex\gener
ic\oberdiek\hobsub-generic.sty
Package: hobsub-generic 2011/04/18 v1.3 Bundle oberdiek, subset generic (HO)
Package: hobsub 2011/04/18 v1.3 Subsetting bundle oberdiek (HO)
Package: infwarerr 2010/04/08 v1.3 Providing info/warning/message (HO)
Package: ltxcmds 2011/04/18 v1.20 LaTeX kernel commands for general use (HO)
Package: ifluatex 2010/03/01 v1.3 Provides the ifluatex switch (HO)
Package ifluatex Info: LuaTeX not detected.
Package hobsub Info: Skipping package `ifvtex' (already loaded).
Package: intcalc 2007/09/27 v1.1 Expandable integer calculations (HO)
Package hobsub Info: Skipping package `ifpdf' (already loaded).
Package: etexcmds 2011/02/16 v1.5 Prefix for e-TeX command names (HO)
Package etexcmds Info: Could not find \expanded.
(etexcmds)             That can mean that you are not using pdfTeX 1.50 or
(etexcmds)             that some package has redefined \expanded.
(etexcmds)             In the latter case, load this package earlier.
Package: kvsetkeys 2011/04/07 v1.13 Key value parser (HO)
Package: kvdefinekeys 2011/04/07 v1.3 Defining keys (HO)
Package: pdftexcmds 2011/04/16 v0.15 Utilities of pdfTeX for LuaTeX (HO)
Package pdftexcmds Info: LuaTeX not detected.
Package pdftexcmds Info: \pdf@primitive is available.
Package pdftexcmds Info: \pdf@ifprimitive is available.
Package pdftexcmds Info: \pdfdraftmode is ignored in DVI mode.
Package: pdfescape 2011/04/04 v1.12 Provides string conversions (HO)
Package: bigintcalc 2011/01/30 v1.2 Expandable big integer calculations (HO)
Package: bitset 2011/01/30 v1.1 Data type bit set (HO)
Package: uniquecounter 2011/01/30 v1.2 Provides unlimited unique counter (HO)
)
Package hobsub Info: Skipping package `hobsub' (already loaded).
Package: letltxmacro 2010/09/02 v1.4 Let assignment for LaTeX macros (HO)
Package: hopatch 2011/01/30 v1.0 Wrapper for package hooks (HO)
Package: xcolor-patch 2011/01/30 xcolor patch
Package: atveryend 2011/04/15 v1.6 Hooks at very end of document (HO)
Package atveryend Info: \enddocument detected (standard).
Package: atbegshi 2011/01/30 v1.15 At begin shipout hook (HO)
Package: refcount 2010/12/01 v3.2 Data extraction from references (HO)
Package: hycolor 2011/01/30 v1.7 Color options of hyperref/bookmark (HO)
)
(C:\Users\I21149\Documents\GRATUICIELS\USBTeX-1.6\programs\MiKTeX_2.9\tex\latex
\oberdiek\kvoptions.sty
Package: kvoptions 2010/12/23 v3.10 Keyval support for LaTeX options (HO)
)
\@linkdim=\dimen125
\Hy@linkcounter=\count105
\Hy@pagecounter=\count106

(C:\Users\I21149\Documents\GRATUICIELS\USBTeX-1.6\programs\MiKTeX_2.9\tex\latex
\hyperref\pd1enc.def
File: pd1enc.def 2011/04/17 v6.82g Hyperref: PDFDocEncoding definition (HO)
)
\Hy@SavedSpaceFactor=\count107

(C:\Users\I21149\Documents\GRATUICIELS\USBTeX-1.6\programs\MiKTeX_2.9\tex\latex
\00miktex\hyperref.cfg
File: hyperref.cfg 2002/06/06 v1.2 hyperref configuration of TeXLive
)
Package hyperref Info: Hyper figures OFF on input line 4026.
Package hyperref Info: Link nesting OFF on input line 4031.
Package hyperref Info: Hyper index ON on input line 4034.
Package hyperref Info: Plain pages OFF on input line 4041.
Package hyperref Info: Backreferencing OFF on input line 4046.
Package hyperref Info: Implicit mode ON; LaTeX internals redefined.
Package hyperref Info: Bookmarks ON on input line 4264.
\c@Hy@tempcnt=\count108

(C:\Users\I21149\Documents\GRATUICIELS\USBTeX-1.6\programs\MiKTeX_2.9\tex\latex
\ltxmisc\url.sty
\Urlmuskip=\muskip11
Package: url 2006/04/12  ver 3.3  Verb mode for urls, etc.
)
LaTeX Info: Redefining \url on input line 4617.
\Fld@menulength=\count109
\Field@Width=\dimen126
\Fld@charsize=\dimen127
Package hyperref Info: Hyper figures OFF on input line 5701.
Package hyperref Info: Link nesting OFF on input line 5706.
Package hyperref Info: Hyper index ON on input line 5709.
Package hyperref Info: backreferencing OFF on input line 5716.
Package hyperref Info: Link coloring OFF on input line 5721.
Package hyperref Info: Link coloring with OCG OFF on input line 5726.
Package hyperref Info: PDF/A mode OFF on input line 5731.
LaTeX Info: Redefining \ref on input line 5771.
LaTeX Info: Redefining \pageref on input line 5775.
\Hy@abspage=\count110
\c@Item=\count111
\c@Hfootnote=\count112
)

Package hyperref Message: Driver (default): hdvips.


(C:\Users\I21149\Documents\GRATUICIELS\USBTeX-1.6\programs\MiKTeX_2.9\tex\latex
\hyperref\hdvips.def
File: hdvips.def 2011/04/17 v6.82g Hyperref driver for dvips

(C:\Users\I21149\Documents\GRATUICIELS\USBTeX-1.6\programs\MiKTeX_2.9\tex\latex
\hyperref\pdfmark.def
File: pdfmark.def 2011/04/17 v6.82g Hyperref definitions for pdfmark specials
\pdf@docset=\toks21
\pdf@box=\box28
\pdf@toks=\toks22
\pdf@defaulttoks=\toks23
\Fld@listcount=\count113
\c@bookmark@seq@number=\count114

(C:\Users\I21149\Documents\GRATUICIELS\USBTeX-1.6\programs\MiKTeX_2.9\tex\latex
\oberdiek\rerunfilecheck.sty
Package: rerunfilecheck 2011/04/15 v1.7 Rerun checks for auxiliary files (HO)
Package uniquecounter Info: New unique counter `rerunfilecheck' on input line 2
82.
)
\Hy@SectionHShift=\skip46
))
(C:\Users\I21149\Documents\GRATUICIELS\USBTeX-1.6\programs\MiKTeX_2.9\tex\latex
\graphics\color.sty
Package: color 2005/11/14 v1.0j Standard LaTeX Color (DPC)

(C:\Users\I21149\Documents\GRATUICIELS\USBTeX-1.6\programs\MiKTeX_2.9\tex\latex
\00miktex\color.cfg
File: color.cfg 2007/01/18 v1.5 color configuration of teTeX/TeXLive
)
Package color Info: Driver file: dvips.def on input line 130.

(C:\Users\I21149\Documents\GRATUICIELS\USBTeX-1.6\programs\MiKTeX_2.9\tex\latex
\graphics\dvipsnam.def
File: dvipsnam.def 1999/02/16 v3.0i Driver-dependant file (DPC,SPQR)
))
("E:\Mascaret\doc\FR\API - Specifications techniques\API_FR.aux")
LaTeX Font Info:    Checking defaults for OML/cmm/m/it on input line 17.
LaTeX Font Info:    ... okay on input line 17.
LaTeX Font Info:    Checking defaults for T1/cmr/m/n on input line 17.
LaTeX Font Info:    ... okay on input line 17.
LaTeX Font Info:    Checking defaults for OT1/cmr/m/n on input line 17.
LaTeX Font Info:    ... okay on input line 17.
LaTeX Font Info:    Checking defaults for OMS/cmsy/m/n on input line 17.
LaTeX Font Info:    ... okay on input line 17.
LaTeX Font Info:    Checking defaults for OMX/cmex/m/n on input line 17.
LaTeX Font Info:    ... okay on input line 17.
LaTeX Font Info:    Checking defaults for U/cmr/m/n on input line 17.
LaTeX Font Info:    ... okay on input line 17.
LaTeX Font Info:    Checking defaults for PD1/pdf/m/n on input line 17.
LaTeX Font Info:    ... okay on input line 17.

*geometry* driver: auto-detecting
*geometry* detected driver: dvips
*geometry* verbose mode - [ preamble ] result:
* driver: dvips
* paper: a4paper
* layout: <same size as paper>
* layoutoffset:(h,v)=(0.0pt,0.0pt)
* modes: 
* h-part:(L,W,R)=(56.9055pt, 483.69687pt, 56.9055pt)
* v-part:(T,H,B)=(56.9055pt, 731.23584pt, 56.9055pt)
* \paperwidth=597.50787pt
* \paperheight=845.04684pt
* \textwidth=483.69687pt
* \textheight=731.23584pt
* \oddsidemargin=-15.36449pt
* \evensidemargin=-15.36449pt
* \topmargin=-52.36449pt
* \headheight=12.0pt
* \headsep=25.0pt
* \topskip=11.0pt
* \footskip=30.0pt
* \marginparwidth=50.0pt
* \marginparsep=10.0pt
* \columnsep=10.0pt
* \skip\footins=10.0pt plus 4.0pt minus 2.0pt
* \hoffset=0.0pt
* \voffset=0.0pt
* \mag=1000
* \@twocolumnfalse
* \@twosidefalse
* \@mparswitchfalse
* \@reversemarginfalse
* (1in=72.27pt=25.4mm, 1cm=28.453pt)

LaTeX Info: Redefining \degres on input line 17.
LaTeX Info: Redefining \dots on input line 17.
LaTeX Info: Redefining \up on input line 17.
\AtBeginShipoutBox=\box29
Package hyperref Info: Link coloring OFF on input line 17.

(C:\Users\I21149\Documents\GRATUICIELS\USBTeX-1.6\programs\MiKTeX_2.9\tex\latex
\hyperref\nameref.sty
Package: nameref 2010/04/30 v2.40 Cross-referencing by name of section

(C:\Users\I21149\Documents\GRATUICIELS\USBTeX-1.6\programs\MiKTeX_2.9\tex\gener
ic\oberdiek\gettitlestring.sty
Package: gettitlestring 2010/12/03 v1.4 Cleanup title references (HO)
)
\c@section@level=\count115
)
LaTeX Info: Redefining \ref on input line 17.
LaTeX Info: Redefining \pageref on input line 17.
LaTeX Info: Redefining \nameref on input line 17.

("E:\Mascaret\doc\FR\API - Specifications techniques\API_FR.out")
("E:\Mascaret\doc\FR\API - Specifications techniques\API_FR.out")
\@outlinefile=\write3
File: ./Figures/EDF_Logo.eps Graphic file (type eps)

<./Figures/EDF_Logo.eps>
File: ./Figures/CEREMA_Logo.eps Graphic file (type eps)
 <./Figures/CEREMA_Logo.eps>
LaTeX Font Info:    Try loading font information for OMS+cmr on input line 43.

(C:\Users\I21149\Documents\GRATUICIELS\USBTeX-1.6\programs\MiKTeX_2.9\tex\latex
\base\omscmr.fd
File: omscmr.fd 1999/05/25 v2.5h Standard LaTeX font definitions
)
LaTeX Font Info:    Font shape `OMS/cmr/m/n' in size <14.4> not available
(Font)              Font shape `OMS/cmsy/m/n' tried instead on input line 43.
 [1

]
("E:\Mascaret\doc\FR\API - Specifications techniques\API_FR.toc"
LaTeX Font Info:    Try loading font information for T1+cmtt on input line 28.

(C:\Users\I21149\Documents\GRATUICIELS\USBTeX-1.6\programs\MiKTeX_2.9\tex\latex
\base\t1cmtt.fd
File: t1cmtt.fd 1999/05/25 v2.5h Standard LaTeX font definitions
))
\tf@toc=\write4
 [1] [1] [2] [3] [4] [5] [6] [7] [8] [9] [10] [11] [12]
[13] [14] [15] [16] [17]
LaTeX Font Info:    Font shape `T1/cmtt/bx/n' in size <10.95> not available
(Font)              Font shape `T1/cmtt/m/n' tried instead on input line 1288.
 [18] [19] [20] [21] [22] [23] [24] [25] [26] [27]
[28] [29] [30] [31] [32] [33] [34] [35] [36


] [37] [38] [39] [40]
Package atveryend Info: Empty hook `BeforeClearDocument' on input line 2587.
 [41


]
Package atveryend Info: Empty hook `AfterLastShipout' on input line 2587.

("E:\Mascaret\doc\FR\API - Specifications techniques\API_FR.aux")
Package atveryend Info: Empty hook `AtVeryEndDocument' on input line 2587.
Package atveryend Info: Executing hook `AtEndAfterFileList' on input line 2587.

Package rerunfilecheck Info: File `API_FR.out' has not changed.
(rerunfilecheck)             Checksum: 8D67ED0DAF21B7C3A1AD84E8A03C910D;3267.
Package atveryend Info: Empty hook `AtVeryVeryEnd' on input line 2587.
 ) 
Here is how much of TeX's memory you used:
 6598 strings out of 494020
 99306 string characters out of 3132514
 276648 words of memory out of 3000000
 9805 multiletter control sequences out of 15000+200000
 19525 words of font info for 44 fonts, out of 3000000 for 9000
 714 hyphenation exceptions out of 8191
 29i,9n,28p,699b,488s stack positions out of 5000i,500n,10000p,200000b,50000s

Output written on API_FR.dvi (43 pages, 240612 bytes).
