\BOOKMARK [1][-]{section.1}{Introduction}{}% 1
\BOOKMARK [1][-]{section.2}{Versions antérieures}{}% 2
\BOOKMARK [1][-]{section.3}{Objectifs actuels}{}% 3
\BOOKMARK [1][-]{section.4}{Principes de l'API}{}% 4
\BOOKMARK [2][-]{subsection.4.1}{Indépendance}{section.4}% 5
\BOOKMARK [2][-]{subsection.4.2}{Performance}{section.4}% 6
\BOOKMARK [2][-]{subsection.4.3}{Maintenance}{section.4}% 7
\BOOKMARK [2][-]{subsection.4.4}{Structure de données}{section.4}% 8
\BOOKMARK [1][-]{section.5}{Spécifications détaillées}{}% 9
\BOOKMARK [2][-]{subsection.5.1}{Fonctions pour gérer les instances}{section.5}% 10
\BOOKMARK [3][-]{subsubsection.5.1.1}{Création d'une instance}{subsection.5.1}% 11
\BOOKMARK [3][-]{subsubsection.5.1.2}{Destruction d'une instance}{subsection.5.1}% 12
\BOOKMARK [3][-]{subsubsection.5.1.3}{Sauvegarde de l'état d'un calcul}{subsection.5.1}% 13
\BOOKMARK [3][-]{subsubsection.5.1.4}{Récupération de l'état d'un calcul}{subsection.5.1}% 14
\BOOKMARK [2][-]{subsection.5.2}{Fonctions principales de la simulation}{section.5}% 15
\BOOKMARK [3][-]{subsubsection.5.2.1}{Importation d'un modèle}{subsection.5.2}% 16
\BOOKMARK [3][-]{subsubsection.5.2.2}{Initialisation de l'état initial}{subsection.5.2}% 17
\BOOKMARK [3][-]{subsubsection.5.2.3}{Simulation d'un modèle}{subsection.5.2}% 18
\BOOKMARK [2][-]{subsection.5.3}{Fonctions pour consulter le modèle ou l'état}{section.5}% 19
\BOOKMARK [3][-]{subsubsection.5.3.1}{Consulter le modèle ou l'état \(accesseurs\)}{subsection.5.3}% 20
\BOOKMARK [3][-]{subsubsection.5.3.2}{Modifier le modèle ou l'état \(mutateurs\)}{subsection.5.3}% 21
\BOOKMARK [2][-]{subsection.5.4}{Fonctions donnant des informations structurelles et métier}{section.5}% 22
\BOOKMARK [3][-]{subsubsection.5.4.1}{Lister les variables de MASCARET}{subsection.5.4}% 23
\BOOKMARK [3][-]{subsubsection.5.4.2}{Identifier le type d'une variable}{subsection.5.4}% 24
\BOOKMARK [3][-]{subsubsection.5.4.3}{Connaître la taille d'une variable}{subsection.5.4}% 25
\BOOKMARK [3][-]{subsubsection.5.4.4}{Obtenir une description d'une erreur}{subsection.5.4}% 26
\BOOKMARK [3][-]{subsubsection.5.4.5}{Récupérer la version du code de calcul}{subsection.5.4}% 27
\BOOKMARK [3][-]{subsubsection.5.4.6}{Récupérer des informations sur les conditions aux limites}{subsection.5.4}% 28
\BOOKMARK [2][-]{subsection.5.5}{Fonctions utilitaires XML}{section.5}% 29
\BOOKMARK [3][-]{subsubsection.5.5.1}{Exporter un modèle ou un état dans un fichier XML}{subsection.5.5}% 30
\BOOKMARK [3][-]{subsubsection.5.5.2}{Ecrire l'en-tête d'un fichier XML}{subsection.5.5}% 31
\BOOKMARK [3][-]{subsubsection.5.5.3}{Ecrire une variable dans un fichier XML}{subsection.5.5}% 32
\BOOKMARK [3][-]{subsubsection.5.5.4}{Fermeture du fichier XML}{subsection.5.5}% 33
\BOOKMARK [1][-]{section.6}{Liste des variables}{}% 34
\BOOKMARK [2][-]{subsection.6.1}{Variables du modèle}{section.6}% 35
\BOOKMARK [2][-]{subsection.6.2}{Variables de l'état}{section.6}% 36
\BOOKMARK [1][-]{section.7}{Fichiers d'inclusions}{}% 37
\BOOKMARK [2][-]{subsection.7.1}{Langage C : 'apimascaret.h'}{section.7}% 38
\BOOKMARK [2][-]{subsection.7.2}{Langage Fortran : 'm\137apimascaret\137i.f90'}{section.7}% 39
\BOOKMARK [1][-]{section.8}{Conclusion}{}% 40
