\BOOKMARK [1][-]{section.1}{Introduction}{}% 1
\BOOKMARK [2][-]{subsection.1.1}{Modeling system}{section.1}% 2
\BOOKMARK [2][-]{subsection.1.2}{Modeling Capabilities}{section.1}% 3
\BOOKMARK [2][-]{subsection.1.3}{Install process}{section.1}% 4
\BOOKMARK [2][-]{subsection.1.4}{Working directory}{section.1}% 5
\BOOKMARK [2][-]{subsection.1.5}{Support}{section.1}% 6
\BOOKMARK [1][-]{section.2}{Application - Steady Flow over a Weir \040 \040}{}% 7
\BOOKMARK [2][-]{subsection.2.1}{Purpose}{section.2}% 8
\BOOKMARK [2][-]{subsection.2.2}{Transcritical flow without hydraulic jump}{section.2}% 9
\BOOKMARK [2][-]{subsection.2.3}{Geometry}{section.2}% 10
\BOOKMARK [3][-]{subsubsection.2.3.1}{Create the Hydraulic Network}{subsection.2.3}% 11
\BOOKMARK [3][-]{subsubsection.2.3.2}{Manual Cross-Section Input \040 }{subsection.2.3}% 12
\BOOKMARK [3][-]{subsubsection.2.3.3}{Automatic Cross-Section Input}{subsection.2.3}% 13
\BOOKMARK [2][-]{subsection.2.4}{Boundary Conditions}{section.2}% 14
\BOOKMARK [2][-]{subsection.2.5}{Mesh parameters}{section.2}% 15
\BOOKMARK [2][-]{subsection.2.6}{Initial conditions}{section.2}% 16
\BOOKMARK [2][-]{subsection.2.7}{Temporal parameters}{section.2}% 17
\BOOKMARK [2][-]{subsection.2.8}{General Parameters}{section.2}% 18
\BOOKMARK [2][-]{subsection.2.9}{Output Parameters}{section.2}% 19
\BOOKMARK [2][-]{subsection.2.10}{Results}{section.2}% 20
\BOOKMARK [2][-]{subsection.2.11}{Flow with Hydraulic Jump}{section.2}% 21
\BOOKMARK [3][-]{subsubsection.2.11.1}{Parameters for the computation}{subsection.2.11}% 22
\BOOKMARK [3][-]{subsubsection.2.11.2}{Results}{subsection.2.11}% 23
\BOOKMARK [1][-]{section.3}{Application - Junction }{}% 24
\BOOKMARK [2][-]{subsection.3.1}{Purpose}{section.3}% 25
\BOOKMARK [2][-]{subsection.3.2}{Geometry}{section.3}% 26
\BOOKMARK [2][-]{subsection.3.3}{Defining the model domain}{section.3}% 27
\BOOKMARK [2][-]{subsection.3.4}{Creating the model in FUDAA-MASCARET}{section.3}% 28
\BOOKMARK [2][-]{subsection.3.5}{Hydraulic Network}{section.3}% 29
\BOOKMARK [3][-]{subsubsection.3.5.1}{Preliminary Considerations \040 \040}{subsection.3.5}% 30
\BOOKMARK [3][-]{subsubsection.3.5.2}{Creating the Hydraulic Network}{subsection.3.5}% 31
\BOOKMARK [2][-]{subsection.3.6}{Cross-Section Data \040}{section.3}% 32
\BOOKMARK [2][-]{subsection.3.7}{Junction Data}{section.3}% 33
\BOOKMARK [2][-]{subsection.3.8}{Boundary Conditions \040 \040 \040}{section.3}% 34
\BOOKMARK [2][-]{subsection.3.9}{Mesh Parameters}{section.3}% 35
\BOOKMARK [2][-]{subsection.3.10}{Initial Conditions}{section.3}% 36
\BOOKMARK [2][-]{subsection.3.11}{Temporal Parameters}{section.3}% 37
\BOOKMARK [2][-]{subsection.3.12}{General Parameters \040 \040 }{section.3}% 38
\BOOKMARK [2][-]{subsection.3.13}{Output Parameters}{section.3}% 39
\BOOKMARK [2][-]{subsection.3.14}{Results}{section.3}% 40
\BOOKMARK [1][-]{section.4}{Application - Hydraulic Network with storage areas }{}% 41
\BOOKMARK [2][-]{subsection.4.1}{Purpose}{section.4}% 42
\BOOKMARK [2][-]{subsection.4.2}{Geometry}{section.4}% 43
\BOOKMARK [2][-]{subsection.4.3}{Drawing the Hydraulic Network \040 \040 \040 }{section.4}% 44
\BOOKMARK [2][-]{subsection.4.4}{Reach Cross Sections \040}{section.4}% 45
\BOOKMARK [2][-]{subsection.4.5}{Storage Areas \040}{section.4}% 46
\BOOKMARK [2][-]{subsection.4.6}{Links to storage areas \040}{section.4}% 47
\BOOKMARK [3][-]{subsubsection.4.6.1}{Link of type Weir \040}{subsection.4.6}% 48
\BOOKMARK [3][-]{subsubsection.4.6.2}{Link of type Channel }{subsection.4.6}% 49
\BOOKMARK [3][-]{subsubsection.4.6.3}{Link of type Culvert }{subsection.4.6}% 50
\BOOKMARK [2][-]{subsection.4.7}{Singularities}{section.4}% 51
\BOOKMARK [3][-]{subsubsection.4.7.1}{Lateral Weir \040}{subsection.4.7}% 52
\BOOKMARK [3][-]{subsubsection.4.7.2}{Local Head Loss }{subsection.4.7}% 53
\BOOKMARK [3][-]{subsubsection.4.7.3}{Inlined Weir \040}{subsection.4.7}% 54
\BOOKMARK [3][-]{subsubsection.4.7.4}{Lateral Inflow }{subsection.4.7}% 55
\BOOKMARK [2][-]{subsection.4.8}{Boundary Conditions \040}{section.4}% 56
\BOOKMARK [2][-]{subsection.4.9}{Mesh Parameters }{section.4}% 57
\BOOKMARK [2][-]{subsection.4.10}{Initial Conditions }{section.4}% 58
\BOOKMARK [2][-]{subsection.4.11}{Temporal Parameters }{section.4}% 59
\BOOKMARK [2][-]{subsection.4.12}{General Parameters }{section.4}% 60
\BOOKMARK [2][-]{subsection.4.13}{Output Parameters}{section.4}% 61
\BOOKMARK [2][-]{subsection.4.14}{Results}{section.4}% 62
\BOOKMARK [1][-]{section.5}{Application - Dam Break Wave }{}% 63
\BOOKMARK [2][-]{subsection.5.1}{Purpose \040 }{section.5}% 64
\BOOKMARK [2][-]{subsection.5.2}{Geometry}{section.5}% 65
\BOOKMARK [2][-]{subsection.5.3}{General considerations}{section.5}% 66
\BOOKMARK [2][-]{subsection.5.4}{Mesh Parameters}{section.5}% 67
\BOOKMARK [2][-]{subsection.5.5}{Building up the model }{section.5}% 68
\BOOKMARK [2][-]{subsection.5.6}{Cross-sections }{section.5}% 69
\BOOKMARK [2][-]{subsection.5.7}{Boundary Conditions \040}{section.5}% 70
\BOOKMARK [2][-]{subsection.5.8}{Mesh Parameters}{section.5}% 71
\BOOKMARK [2][-]{subsection.5.9}{Grid size }{section.5}% 72
\BOOKMARK [2][-]{subsection.5.10}{Vertical discretization}{section.5}% 73
\BOOKMARK [2][-]{subsection.5.11}{Initial Conditions \040}{section.5}% 74
\BOOKMARK [2][-]{subsection.5.12}{Temporal Parameters}{section.5}% 75
\BOOKMARK [2][-]{subsection.5.13}{General Parameters}{section.5}% 76
\BOOKMARK [2][-]{subsection.5.14}{Output Parameters}{section.5}% 77
\BOOKMARK [2][-]{subsection.5.15}{Results}{section.5}% 78
\BOOKMARK [1][-]{section.6}{Application - Water quality analysis}{}% 79
\BOOKMARK [2][-]{subsection.6.1}{Purpose}{section.6}% 80
\BOOKMARK [2][-]{subsection.6.2}{Hydraulic Parameters }{section.6}% 81
\BOOKMARK [2][-]{subsection.6.3}{Geometry}{section.6}% 82
\BOOKMARK [2][-]{subsection.6.4}{Boundary Conditions \040}{section.6}% 83
\BOOKMARK [2][-]{subsection.6.5}{Mesh Parameters }{section.6}% 84
\BOOKMARK [2][-]{subsection.6.6}{Initial Conditions}{section.6}% 85
\BOOKMARK [2][-]{subsection.6.7}{Temporal Parameters}{section.6}% 86
\BOOKMARK [2][-]{subsection.6.8}{General Parameters}{section.6}% 87
\BOOKMARK [2][-]{subsection.6.9}{Output Parameters}{section.6}% 88
\BOOKMARK [2][-]{subsection.6.10}{Water Quality Parameters}{section.6}% 89
\BOOKMARK [2][-]{subsection.6.11}{Water quality model }{section.6}% 90
\BOOKMARK [2][-]{subsection.6.12}{Boundary Conditions }{section.6}% 91
\BOOKMARK [2][-]{subsection.6.13}{Initial concentrations }{section.6}% 92
\BOOKMARK [2][-]{subsection.6.14}{General Parameters \040}{section.6}% 93
\BOOKMARK [2][-]{subsection.6.15}{Output Parameters}{section.6}% 94
\BOOKMARK [2][-]{subsection.6.16}{Results}{section.6}% 95
\BOOKMARK [1][-]{section.7}{Appendix}{}% 96
\BOOKMARK [2][-]{subsection.7.1}{Junction parameters for the super-critical flow}{section.7}% 97
\BOOKMARK [2][-]{subsection.7.2}{Description of the file formats}{section.7}% 98
\BOOKMARK [3][-]{subsubsection.7.2.1}{Importing of Storage Areas files}{subsection.7.2}% 99
\BOOKMARK [3][-]{subsubsection.7.2.2}{Importation of geometry file for a reach}{subsection.7.2}% 100
\BOOKMARK [3][-]{subsubsection.7.2.3}{Importation of the graph file \(*.loi\).}{subsection.7.2}% 101
\BOOKMARK [3][-]{subsubsection.7.2.4}{File restart simulation *.rep}{subsection.7.2}% 102
\BOOKMARK [3][-]{subsubsection.7.2.5}{Importation of initial conditions file}{subsection.7.2}% 103
\BOOKMARK [3][-]{subsubsection.7.2.6}{Importation of the flood marks file}{subsection.7.2}% 104
