This is pdfTeX, Version 3.1415926-1.40.11 (MiKTeX 2.9) (preloaded format=latex 2010.11.15)  24 JUN 2014 13:25
entering extended mode
**ApplGuid.tex
("E:\Mascaret\doc\EN\Application Guide\ApplGuid.tex"
LaTeX2e <2009/09/24>
Babel <v3.8l> and hyphenation patterns for english, afrikaans, ancientgreek, ar
abic, armenian, assamese, basque, bengali, bokmal, bulgarian, catalan, coptic, 
croatian, czech, danish, dutch, esperanto, estonian, farsi, finnish, french, ga
lician, german, german-x-2009-06-19, greek, gujarati, hindi, hungarian, iceland
ic, indonesian, interlingua, irish, italian, kannada, kurmanji, lao, latin, lat
vian, lithuanian, malayalam, marathi, mongolian, mongolianlmc, monogreek, ngerm
an, ngerman-x-2009-06-19, nynorsk, oriya, panjabi, pinyin, polish, portuguese, 
romanian, russian, sanskrit, serbian, slovak, slovenian, spanish, swedish, swis
sgerman, tamil, telugu, turkish, turkmen, ukenglish, ukrainian, uppersorbian, u
senglishmax, welsh, loaded.

(C:\Users\i21149\Documents\GRATUICIELS\USBTeX-1.6\programs\MiKTeX_2.9\tex\latex
\base\article.cls
Document Class: article 2007/10/19 v1.4h Standard LaTeX document class

(C:\Users\i21149\Documents\GRATUICIELS\USBTeX-1.6\programs\MiKTeX_2.9\tex\latex
\base\size12.clo
File: size12.clo 2007/10/19 v1.4h Standard LaTeX file (size option)
)
\c@part=\count79
\c@section=\count80
\c@subsection=\count81
\c@subsubsection=\count82
\c@paragraph=\count83
\c@subparagraph=\count84
\c@figure=\count85
\c@table=\count86
\abovecaptionskip=\skip41
\belowcaptionskip=\skip42
\bibindent=\dimen102
)
(C:\Users\i21149\Documents\GRATUICIELS\USBTeX-1.6\programs\MiKTeX_2.9\tex\latex
\base\inputenc.sty
Package: inputenc 2008/03/30 v1.1d Input encoding file
\inpenc@prehook=\toks14
\inpenc@posthook=\toks15

(C:\Users\i21149\Documents\GRATUICIELS\USBTeX-1.6\programs\MiKTeX_2.9\tex\latex
\base\utf8.def
File: utf8.def 2008/04/05 v1.1m UTF-8 support for inputenc
Now handling font encoding OML ...
... no UTF-8 mapping file for font encoding OML
Now handling font encoding T1 ...
... processing UTF-8 mapping file for font encoding T1

(C:\Users\i21149\Documents\GRATUICIELS\USBTeX-1.6\programs\MiKTeX_2.9\tex\latex
\base\t1enc.dfu
File: t1enc.dfu 2008/04/05 v1.1m UTF-8 support for inputenc
   defining Unicode char U+00A1 (decimal 161)
   defining Unicode char U+00A3 (decimal 163)
   defining Unicode char U+00AB (decimal 171)
   defining Unicode char U+00BB (decimal 187)
   defining Unicode char U+00BF (decimal 191)
   defining Unicode char U+00C0 (decimal 192)
   defining Unicode char U+00C1 (decimal 193)
   defining Unicode char U+00C2 (decimal 194)
   defining Unicode char U+00C3 (decimal 195)
   defining Unicode char U+00C4 (decimal 196)
   defining Unicode char U+00C5 (decimal 197)
   defining Unicode char U+00C6 (decimal 198)
   defining Unicode char U+00C7 (decimal 199)
   defining Unicode char U+00C8 (decimal 200)
   defining Unicode char U+00C9 (decimal 201)
   defining Unicode char U+00CA (decimal 202)
   defining Unicode char U+00CB (decimal 203)
   defining Unicode char U+00CC (decimal 204)
   defining Unicode char U+00CD (decimal 205)
   defining Unicode char U+00CE (decimal 206)
   defining Unicode char U+00CF (decimal 207)
   defining Unicode char U+00D0 (decimal 208)
   defining Unicode char U+00D1 (decimal 209)
   defining Unicode char U+00D2 (decimal 210)
   defining Unicode char U+00D3 (decimal 211)
   defining Unicode char U+00D4 (decimal 212)
   defining Unicode char U+00D5 (decimal 213)
   defining Unicode char U+00D6 (decimal 214)
   defining Unicode char U+00D8 (decimal 216)
   defining Unicode char U+00D9 (decimal 217)
   defining Unicode char U+00DA (decimal 218)
   defining Unicode char U+00DB (decimal 219)
   defining Unicode char U+00DC (decimal 220)
   defining Unicode char U+00DD (decimal 221)
   defining Unicode char U+00DE (decimal 222)
   defining Unicode char U+00DF (decimal 223)
   defining Unicode char U+00E0 (decimal 224)
   defining Unicode char U+00E1 (decimal 225)
   defining Unicode char U+00E2 (decimal 226)
   defining Unicode char U+00E3 (decimal 227)
   defining Unicode char U+00E4 (decimal 228)
   defining Unicode char U+00E5 (decimal 229)
   defining Unicode char U+00E6 (decimal 230)
   defining Unicode char U+00E7 (decimal 231)
   defining Unicode char U+00E8 (decimal 232)
   defining Unicode char U+00E9 (decimal 233)
   defining Unicode char U+00EA (decimal 234)
   defining Unicode char U+00EB (decimal 235)
   defining Unicode char U+00EC (decimal 236)
   defining Unicode char U+00ED (decimal 237)
   defining Unicode char U+00EE (decimal 238)
   defining Unicode char U+00EF (decimal 239)
   defining Unicode char U+00F0 (decimal 240)
   defining Unicode char U+00F1 (decimal 241)
   defining Unicode char U+00F2 (decimal 242)
   defining Unicode char U+00F3 (decimal 243)
   defining Unicode char U+00F4 (decimal 244)
   defining Unicode char U+00F5 (decimal 245)
   defining Unicode char U+00F6 (decimal 246)
   defining Unicode char U+00F8 (decimal 248)
   defining Unicode char U+00F9 (decimal 249)
   defining Unicode char U+00FA (decimal 250)
   defining Unicode char U+00FB (decimal 251)
   defining Unicode char U+00FC (decimal 252)
   defining Unicode char U+00FD (decimal 253)
   defining Unicode char U+00FE (decimal 254)
   defining Unicode char U+00FF (decimal 255)
   defining Unicode char U+0102 (decimal 258)
   defining Unicode char U+0103 (decimal 259)
   defining Unicode char U+0104 (decimal 260)
   defining Unicode char U+0105 (decimal 261)
   defining Unicode char U+0106 (decimal 262)
   defining Unicode char U+0107 (decimal 263)
   defining Unicode char U+010C (decimal 268)
   defining Unicode char U+010D (decimal 269)
   defining Unicode char U+010E (decimal 270)
   defining Unicode char U+010F (decimal 271)
   defining Unicode char U+0110 (decimal 272)
   defining Unicode char U+0111 (decimal 273)
   defining Unicode char U+0118 (decimal 280)
   defining Unicode char U+0119 (decimal 281)
   defining Unicode char U+011A (decimal 282)
   defining Unicode char U+011B (decimal 283)
   defining Unicode char U+011E (decimal 286)
   defining Unicode char U+011F (decimal 287)
   defining Unicode char U+0130 (decimal 304)
   defining Unicode char U+0131 (decimal 305)
   defining Unicode char U+0132 (decimal 306)
   defining Unicode char U+0133 (decimal 307)
   defining Unicode char U+0139 (decimal 313)
   defining Unicode char U+013A (decimal 314)
   defining Unicode char U+013D (decimal 317)
   defining Unicode char U+013E (decimal 318)
   defining Unicode char U+0141 (decimal 321)
   defining Unicode char U+0142 (decimal 322)
   defining Unicode char U+0143 (decimal 323)
   defining Unicode char U+0144 (decimal 324)
   defining Unicode char U+0147 (decimal 327)
   defining Unicode char U+0148 (decimal 328)
   defining Unicode char U+014A (decimal 330)
   defining Unicode char U+014B (decimal 331)
   defining Unicode char U+0150 (decimal 336)
   defining Unicode char U+0151 (decimal 337)
   defining Unicode char U+0152 (decimal 338)
   defining Unicode char U+0153 (decimal 339)
   defining Unicode char U+0154 (decimal 340)
   defining Unicode char U+0155 (decimal 341)
   defining Unicode char U+0158 (decimal 344)
   defining Unicode char U+0159 (decimal 345)
   defining Unicode char U+015A (decimal 346)
   defining Unicode char U+015B (decimal 347)
   defining Unicode char U+015E (decimal 350)
   defining Unicode char U+015F (decimal 351)
   defining Unicode char U+0160 (decimal 352)
   defining Unicode char U+0161 (decimal 353)
   defining Unicode char U+0162 (decimal 354)
   defining Unicode char U+0163 (decimal 355)
   defining Unicode char U+0164 (decimal 356)
   defining Unicode char U+0165 (decimal 357)
   defining Unicode char U+016E (decimal 366)
   defining Unicode char U+016F (decimal 367)
   defining Unicode char U+0170 (decimal 368)
   defining Unicode char U+0171 (decimal 369)
   defining Unicode char U+0178 (decimal 376)
   defining Unicode char U+0179 (decimal 377)
   defining Unicode char U+017A (decimal 378)
   defining Unicode char U+017B (decimal 379)
   defining Unicode char U+017C (decimal 380)
   defining Unicode char U+017D (decimal 381)
   defining Unicode char U+017E (decimal 382)
   defining Unicode char U+200C (decimal 8204)
   defining Unicode char U+2013 (decimal 8211)
   defining Unicode char U+2014 (decimal 8212)
   defining Unicode char U+2018 (decimal 8216)
   defining Unicode char U+2019 (decimal 8217)
   defining Unicode char U+201A (decimal 8218)
   defining Unicode char U+201C (decimal 8220)
   defining Unicode char U+201D (decimal 8221)
   defining Unicode char U+201E (decimal 8222)
   defining Unicode char U+2030 (decimal 8240)
   defining Unicode char U+2031 (decimal 8241)
   defining Unicode char U+2039 (decimal 8249)
   defining Unicode char U+203A (decimal 8250)
   defining Unicode char U+2423 (decimal 9251)
)
Now handling font encoding OT1 ...
... processing UTF-8 mapping file for font encoding OT1

(C:\Users\i21149\Documents\GRATUICIELS\USBTeX-1.6\programs\MiKTeX_2.9\tex\latex
\base\ot1enc.dfu
File: ot1enc.dfu 2008/04/05 v1.1m UTF-8 support for inputenc
   defining Unicode char U+00A1 (decimal 161)
   defining Unicode char U+00A3 (decimal 163)
   defining Unicode char U+00B8 (decimal 184)
   defining Unicode char U+00BF (decimal 191)
   defining Unicode char U+00C5 (decimal 197)
   defining Unicode char U+00C6 (decimal 198)
   defining Unicode char U+00D8 (decimal 216)
   defining Unicode char U+00DF (decimal 223)
   defining Unicode char U+00E6 (decimal 230)
   defining Unicode char U+00EC (decimal 236)
   defining Unicode char U+00ED (decimal 237)
   defining Unicode char U+00EE (decimal 238)
   defining Unicode char U+00EF (decimal 239)
   defining Unicode char U+00F8 (decimal 248)
   defining Unicode char U+0131 (decimal 305)
   defining Unicode char U+0141 (decimal 321)
   defining Unicode char U+0142 (decimal 322)
   defining Unicode char U+0152 (decimal 338)
   defining Unicode char U+0153 (decimal 339)
   defining Unicode char U+2013 (decimal 8211)
   defining Unicode char U+2014 (decimal 8212)
   defining Unicode char U+2018 (decimal 8216)
   defining Unicode char U+2019 (decimal 8217)
   defining Unicode char U+201C (decimal 8220)
   defining Unicode char U+201D (decimal 8221)
)
Now handling font encoding OMS ...
... processing UTF-8 mapping file for font encoding OMS

(C:\Users\i21149\Documents\GRATUICIELS\USBTeX-1.6\programs\MiKTeX_2.9\tex\latex
\base\omsenc.dfu
File: omsenc.dfu 2008/04/05 v1.1m UTF-8 support for inputenc
   defining Unicode char U+00A7 (decimal 167)
   defining Unicode char U+00B6 (decimal 182)
   defining Unicode char U+00B7 (decimal 183)
   defining Unicode char U+2020 (decimal 8224)
   defining Unicode char U+2021 (decimal 8225)
   defining Unicode char U+2022 (decimal 8226)
)
Now handling font encoding OMX ...
... no UTF-8 mapping file for font encoding OMX
Now handling font encoding U ...
... no UTF-8 mapping file for font encoding U
   defining Unicode char U+00A9 (decimal 169)
   defining Unicode char U+00AA (decimal 170)
   defining Unicode char U+00AE (decimal 174)
   defining Unicode char U+00BA (decimal 186)
   defining Unicode char U+02C6 (decimal 710)
   defining Unicode char U+02DC (decimal 732)
   defining Unicode char U+200C (decimal 8204)
   defining Unicode char U+2026 (decimal 8230)
   defining Unicode char U+2122 (decimal 8482)
   defining Unicode char U+2423 (decimal 9251)
))
(C:\Users\i21149\Documents\GRATUICIELS\USBTeX-1.6\programs\MiKTeX_2.9\tex\latex
\base\fontenc.sty
Package: fontenc 2005/09/27 v1.99g Standard LaTeX package

(C:\Users\i21149\Documents\GRATUICIELS\USBTeX-1.6\programs\MiKTeX_2.9\tex\latex
\base\t1enc.def
File: t1enc.def 2005/09/27 v1.99g Standard LaTeX file
LaTeX Font Info:    Redeclaring font encoding T1 on input line 43.
))
(C:\Users\i21149\Documents\GRATUICIELS\USBTeX-1.6\programs\MiKTeX_2.9\tex\latex
\graphics\color.sty
Package: color 2005/11/14 v1.0j Standard LaTeX Color (DPC)

(C:\Users\i21149\Documents\GRATUICIELS\USBTeX-1.6\programs\MiKTeX_2.9\tex\latex
\00miktex\color.cfg
File: color.cfg 2007/01/18 v1.5 color configuration of teTeX/TeXLive
)
Package color Info: Driver file: dvips.def on input line 130.

(C:\Users\i21149\Documents\GRATUICIELS\USBTeX-1.6\programs\MiKTeX_2.9\tex\latex
\graphics\dvips.def
File: dvips.def 1999/02/16 v3.0i Driver-dependant file (DPC,SPQR)
)
(C:\Users\i21149\Documents\GRATUICIELS\USBTeX-1.6\programs\MiKTeX_2.9\tex\latex
\graphics\dvipsnam.def
File: dvipsnam.def 1999/02/16 v3.0i Driver-dependant file (DPC,SPQR)
))
(C:\Users\i21149\Documents\GRATUICIELS\USBTeX-1.6\programs\MiKTeX_2.9\tex\latex
\tools\longtable.sty
Package: longtable 2004/02/01 v4.11 Multi-page Table package (DPC)
\LTleft=\skip43
\LTright=\skip44
\LTpre=\skip45
\LTpost=\skip46
\LTchunksize=\count87
\LTcapwidth=\dimen103
\LT@head=\box26
\LT@firsthead=\box27
\LT@foot=\box28
\LT@lastfoot=\box29
\LT@cols=\count88
\LT@rows=\count89
\c@LT@tables=\count90
\c@LT@chunks=\count91
\LT@p@ftn=\toks16
)
(C:\Users\i21149\Documents\GRATUICIELS\USBTeX-1.6\programs\MiKTeX_2.9\tex\latex
\hyperref\hyperref.sty
Package: hyperref 2011/04/17 v6.82g Hypertext links for LaTeX

(C:\Users\i21149\Documents\GRATUICIELS\USBTeX-1.6\programs\MiKTeX_2.9\tex\gener
ic\oberdiek\hobsub-hyperref.sty
Package: hobsub-hyperref 2011/04/18 v1.3 Bundle oberdiek, subset hyperref (HO)

(C:\Users\i21149\Documents\GRATUICIELS\USBTeX-1.6\programs\MiKTeX_2.9\tex\gener
ic\oberdiek\hobsub-generic.sty
Package: hobsub-generic 2011/04/18 v1.3 Bundle oberdiek, subset generic (HO)
Package: hobsub 2011/04/18 v1.3 Subsetting bundle oberdiek (HO)
Package: infwarerr 2010/04/08 v1.3 Providing info/warning/message (HO)
Package: ltxcmds 2011/04/18 v1.20 LaTeX kernel commands for general use (HO)
Package: ifluatex 2010/03/01 v1.3 Provides the ifluatex switch (HO)
Package ifluatex Info: LuaTeX not detected.
Package: ifvtex 2010/03/01 v1.5 Switches for detecting VTeX and its modes (HO)
Package ifvtex Info: VTeX not detected.
Package: intcalc 2007/09/27 v1.1 Expandable integer calculations (HO)
Package: ifpdf 2011/01/30 v2.3 Provides the ifpdf switch (HO)
Package ifpdf Info: pdfTeX in PDF mode is not detected.
Package: etexcmds 2011/02/16 v1.5 Prefix for e-TeX command names (HO)
Package etexcmds Info: Could not find \expanded.
(etexcmds)             That can mean that you are not using pdfTeX 1.50 or
(etexcmds)             that some package has redefined \expanded.
(etexcmds)             In the latter case, load this package earlier.
Package: kvsetkeys 2011/04/07 v1.13 Key value parser (HO)
Package: kvdefinekeys 2011/04/07 v1.3 Defining keys (HO)
Package: pdftexcmds 2011/04/16 v0.15 Utilities of pdfTeX for LuaTeX (HO)
Package pdftexcmds Info: LuaTeX not detected.
Package pdftexcmds Info: \pdf@primitive is available.
Package pdftexcmds Info: \pdf@ifprimitive is available.
Package pdftexcmds Info: \pdfdraftmode is ignored in DVI mode.
Package: pdfescape 2011/04/04 v1.12 Provides string conversions (HO)
Package: bigintcalc 2011/01/30 v1.2 Expandable big integer calculations (HO)
Package: bitset 2011/01/30 v1.1 Data type bit set (HO)
Package: uniquecounter 2011/01/30 v1.2 Provides unlimited unique counter (HO)
)
Package hobsub Info: Skipping package `hobsub' (already loaded).
Package: letltxmacro 2010/09/02 v1.4 Let assignment for LaTeX macros (HO)
Package: hopatch 2011/01/30 v1.0 Wrapper for package hooks (HO)
Package: xcolor-patch 2011/01/30 xcolor patch
Package: atveryend 2011/04/15 v1.6 Hooks at very end of document (HO)
Package atveryend Info: \enddocument detected (standard).
Package: atbegshi 2011/01/30 v1.15 At begin shipout hook (HO)
Package: refcount 2010/12/01 v3.2 Data extraction from references (HO)
Package: hycolor 2011/01/30 v1.7 Color options of hyperref/bookmark (HO)
)
(C:\Users\i21149\Documents\GRATUICIELS\USBTeX-1.6\programs\MiKTeX_2.9\tex\latex
\graphics\keyval.sty
Package: keyval 1999/03/16 v1.13 key=value parser (DPC)
\KV@toks@=\toks17
)
(C:\Users\i21149\Documents\GRATUICIELS\USBTeX-1.6\programs\MiKTeX_2.9\tex\gener
ic\ifxetex\ifxetex.sty
Package: ifxetex 2010/09/12 v0.6 Provides ifxetex conditional
)
(C:\Users\i21149\Documents\GRATUICIELS\USBTeX-1.6\programs\MiKTeX_2.9\tex\latex
\oberdiek\kvoptions.sty
Package: kvoptions 2010/12/23 v3.10 Keyval support for LaTeX options (HO)
)
\@linkdim=\dimen104
\Hy@linkcounter=\count92
\Hy@pagecounter=\count93

(C:\Users\i21149\Documents\GRATUICIELS\USBTeX-1.6\programs\MiKTeX_2.9\tex\latex
\hyperref\pd1enc.def
File: pd1enc.def 2011/04/17 v6.82g Hyperref: PDFDocEncoding definition (HO)
Now handling font encoding PD1 ...
... no UTF-8 mapping file for font encoding PD1
)
\Hy@SavedSpaceFactor=\count94

(C:\Users\i21149\Documents\GRATUICIELS\USBTeX-1.6\programs\MiKTeX_2.9\tex\latex
\00miktex\hyperref.cfg
File: hyperref.cfg 2002/06/06 v1.2 hyperref configuration of TeXLive
)
Package hyperref Info: Hyper figures OFF on input line 4026.
Package hyperref Info: Link nesting OFF on input line 4031.
Package hyperref Info: Hyper index ON on input line 4034.
Package hyperref Info: Plain pages OFF on input line 4041.
Package hyperref Info: Backreferencing OFF on input line 4046.
Package hyperref Info: Implicit mode ON; LaTeX internals redefined.
Package hyperref Info: Bookmarks ON on input line 4264.
\c@Hy@tempcnt=\count95

(C:\Users\i21149\Documents\GRATUICIELS\USBTeX-1.6\programs\MiKTeX_2.9\tex\latex
\ltxmisc\url.sty
\Urlmuskip=\muskip10
Package: url 2006/04/12  ver 3.3  Verb mode for urls, etc.
)
LaTeX Info: Redefining \url on input line 4617.
\Fld@menulength=\count96
\Field@Width=\dimen105
\Fld@charsize=\dimen106
Package hyperref Info: Hyper figures OFF on input line 5701.
Package hyperref Info: Link nesting OFF on input line 5706.
Package hyperref Info: Hyper index ON on input line 5709.
Package hyperref Info: backreferencing OFF on input line 5716.
Package hyperref Info: Link coloring OFF on input line 5721.
Package hyperref Info: Link coloring with OCG OFF on input line 5726.
Package hyperref Info: PDF/A mode OFF on input line 5731.
LaTeX Info: Redefining \ref on input line 5771.
LaTeX Info: Redefining \pageref on input line 5775.
\Hy@abspage=\count97
\c@Item=\count98
\c@Hfootnote=\count99
)

Package hyperref Message: Driver (default): hdvips.


(C:\Users\i21149\Documents\GRATUICIELS\USBTeX-1.6\programs\MiKTeX_2.9\tex\latex
\hyperref\hdvips.def
File: hdvips.def 2011/04/17 v6.82g Hyperref driver for dvips

(C:\Users\i21149\Documents\GRATUICIELS\USBTeX-1.6\programs\MiKTeX_2.9\tex\latex
\hyperref\pdfmark.def
File: pdfmark.def 2011/04/17 v6.82g Hyperref definitions for pdfmark specials
\pdf@docset=\toks18
\pdf@box=\box30
\pdf@toks=\toks19
\pdf@defaulttoks=\toks20
\Fld@listcount=\count100
\c@bookmark@seq@number=\count101

(C:\Users\i21149\Documents\GRATUICIELS\USBTeX-1.6\programs\MiKTeX_2.9\tex\latex
\oberdiek\rerunfilecheck.sty
Package: rerunfilecheck 2011/04/15 v1.7 Rerun checks for auxiliary files (HO)
Package uniquecounter Info: New unique counter `rerunfilecheck' on input line 2
82.
)
\Hy@SectionHShift=\skip47
))
(C:\Users\i21149\Documents\GRATUICIELS\USBTeX-1.6\programs\MiKTeX_2.9\tex\latex
\multirow\multirow.sty
\bigstrutjot=\dimen107
)
(C:\Users\i21149\Documents\GRATUICIELS\USBTeX-1.6\programs\MiKTeX_2.9\tex\latex
\ams\math\amsmath.sty
Package: amsmath 2000/07/18 v2.13 AMS math features
\@mathmargin=\skip48

For additional information on amsmath, use the `?' option.

(C:\Users\i21149\Documents\GRATUICIELS\USBTeX-1.6\programs\MiKTeX_2.9\tex\latex
\ams\math\amstext.sty
Package: amstext 2000/06/29 v2.01

(C:\Users\i21149\Documents\GRATUICIELS\USBTeX-1.6\programs\MiKTeX_2.9\tex\latex
\ams\math\amsgen.sty
File: amsgen.sty 1999/11/30 v2.0
\@emptytoks=\toks21
\ex@=\dimen108
))
(C:\Users\i21149\Documents\GRATUICIELS\USBTeX-1.6\programs\MiKTeX_2.9\tex\latex
\ams\math\amsbsy.sty
Package: amsbsy 1999/11/29 v1.2d
\pmbraise@=\dimen109
)
(C:\Users\i21149\Documents\GRATUICIELS\USBTeX-1.6\programs\MiKTeX_2.9\tex\latex
\ams\math\amsopn.sty
Package: amsopn 1999/12/14 v2.01 operator names
)
\inf@bad=\count102
LaTeX Info: Redefining \frac on input line 211.
\uproot@=\count103
\leftroot@=\count104
LaTeX Info: Redefining \overline on input line 307.
\classnum@=\count105
\DOTSCASE@=\count106
LaTeX Info: Redefining \ldots on input line 379.
LaTeX Info: Redefining \dots on input line 382.
LaTeX Info: Redefining \cdots on input line 467.
\Mathstrutbox@=\box31
\strutbox@=\box32
\big@size=\dimen110
LaTeX Font Info:    Redeclaring font encoding OML on input line 567.
LaTeX Font Info:    Redeclaring font encoding OMS on input line 568.
\macc@depth=\count107
\c@MaxMatrixCols=\count108
\dotsspace@=\muskip11
\c@parentequation=\count109
\dspbrk@lvl=\count110
\tag@help=\toks22
\row@=\count111
\column@=\count112
\maxfields@=\count113
\andhelp@=\toks23
\eqnshift@=\dimen111
\alignsep@=\dimen112
\tagshift@=\dimen113
\tagwidth@=\dimen114
\totwidth@=\dimen115
\lineht@=\dimen116
\@envbody=\toks24
\multlinegap=\skip49
\multlinetaggap=\skip50
\mathdisplay@stack=\toks25
LaTeX Info: Redefining \[ on input line 2666.
LaTeX Info: Redefining \] on input line 2667.
)
(C:\Users\i21149\Documents\GRATUICIELS\USBTeX-1.6\programs\MiKTeX_2.9\tex\latex
\amsfonts\amsfonts.sty
Package: amsfonts 2009/06/22 v3.00 Basic AMSFonts support
\symAMSa=\mathgroup4
\symAMSb=\mathgroup5
LaTeX Font Info:    Overwriting math alphabet `\mathfrak' in version `bold'
(Font)                  U/euf/m/n --> U/euf/b/n on input line 96.
)
(C:\Users\i21149\Documents\GRATUICIELS\USBTeX-1.6\programs\MiKTeX_2.9\tex\latex
\graphics\graphicx.sty
Package: graphicx 1999/02/16 v1.0f Enhanced LaTeX Graphics (DPC,SPQR)

(C:\Users\i21149\Documents\GRATUICIELS\USBTeX-1.6\programs\MiKTeX_2.9\tex\latex
\graphics\graphics.sty
Package: graphics 2009/02/05 v1.0o Standard LaTeX Graphics (DPC,SPQR)

(C:\Users\i21149\Documents\GRATUICIELS\USBTeX-1.6\programs\MiKTeX_2.9\tex\latex
\graphics\trig.sty
Package: trig 1999/03/16 v1.09 sin cos tan (DPC)
)
(C:\Users\i21149\Documents\GRATUICIELS\USBTeX-1.6\programs\MiKTeX_2.9\tex\latex
\00miktex\graphics.cfg
File: graphics.cfg 2007/01/18 v1.5 graphics configuration of teTeX/TeXLive
)
Package graphics Info: Driver file: dvips.def on input line 91.
)
\Gin@req@height=\dimen117
\Gin@req@width=\dimen118
)
(C:\Users\i21149\Documents\GRATUICIELS\USBTeX-1.6\programs\MiKTeX_2.9\tex\latex
\graphics\lscape.sty
Package: lscape 2000/10/22 v3.01 Landscape Pages (DPC)
) ("E:\Mascaret\doc\EN\Application Guide\ApplGuid.aux")
LaTeX Font Info:    Checking defaults for OML/cmm/m/it on input line 25.
LaTeX Font Info:    ... okay on input line 25.
LaTeX Font Info:    Checking defaults for T1/cmr/m/n on input line 25.
LaTeX Font Info:    ... okay on input line 25.
LaTeX Font Info:    Checking defaults for OT1/cmr/m/n on input line 25.
LaTeX Font Info:    ... okay on input line 25.
LaTeX Font Info:    Checking defaults for OMS/cmsy/m/n on input line 25.
LaTeX Font Info:    ... okay on input line 25.
LaTeX Font Info:    Checking defaults for OMX/cmex/m/n on input line 25.
LaTeX Font Info:    ... okay on input line 25.
LaTeX Font Info:    Checking defaults for U/cmr/m/n on input line 25.
LaTeX Font Info:    ... okay on input line 25.
LaTeX Font Info:    Checking defaults for PD1/pdf/m/n on input line 25.
LaTeX Font Info:    ... okay on input line 25.
\AtBeginShipoutBox=\box33
Package hyperref Info: Link coloring OFF on input line 25.

(C:\Users\i21149\Documents\GRATUICIELS\USBTeX-1.6\programs\MiKTeX_2.9\tex\latex
\hyperref\nameref.sty
Package: nameref 2010/04/30 v2.40 Cross-referencing by name of section

(C:\Users\i21149\Documents\GRATUICIELS\USBTeX-1.6\programs\MiKTeX_2.9\tex\gener
ic\oberdiek\gettitlestring.sty
Package: gettitlestring 2010/12/03 v1.4 Cleanup title references (HO)
)
\c@section@level=\count114
)
LaTeX Info: Redefining \ref on input line 25.
LaTeX Info: Redefining \pageref on input line 25.
LaTeX Info: Redefining \nameref on input line 25.

("E:\Mascaret\doc\EN\Application Guide\ApplGuid.out")
("E:\Mascaret\doc\EN\Application Guide\ApplGuid.out")
\@outlinefile=\write3
File: ./EDF_Logo.eps Graphic file (type eps)
 <./EDF_Logo.eps>
LaTeX Font Info:    Try loading font information for U+msa on input line 36.

(C:\Users\i21149\Documents\GRATUICIELS\USBTeX-1.6\programs\MiKTeX_2.9\tex\latex
\amsfonts\umsa.fd
File: umsa.fd 2009/06/22 v3.00 AMS symbols A
)
LaTeX Font Info:    Try loading font information for U+msb on input line 36.

(C:\Users\i21149\Documents\GRATUICIELS\USBTeX-1.6\programs\MiKTeX_2.9\tex\latex
\amsfonts\umsb.fd
File: umsb.fd 2009/06/22 v3.00 AMS symbols B
)
File: ./CEREMA_Logo.eps Graphic file (type eps)
 <./CEREMA_Logo.eps>
Overfull \hbox (37.72614pt too wide) in paragraph at lines 39--40
 []
 []

LaTeX Font Info:    Try loading font information for OMS+cmr on input line 49.

(C:\Users\i21149\Documents\GRATUICIELS\USBTeX-1.6\programs\MiKTeX_2.9\tex\latex
\base\omscmr.fd
File: omscmr.fd 1999/05/25 v2.5h Standard LaTeX font definitions
)
LaTeX Font Info:    Font shape `OMS/cmr/m/n' in size <17.28> not available
(Font)              Font shape `OMS/cmsy/m/n' tried instead on input line 49.
 [1

] ("E:\Mascaret\doc\EN\Application Guide\ApplGuid.toc"
LaTeX Font Info:    Try loading font information for T1+cmtt on input line 28.

(C:\Users\i21149\Documents\GRATUICIELS\USBTeX-1.6\programs\MiKTeX_2.9\tex\latex
\base\t1cmtt.fd
File: t1cmtt.fd 1999/05/25 v2.5h Standard LaTeX font definitions
) [1] [2])
\tf@toc=\write4
 [3]
LaTeX Font Info:    Font shape `OMS/cmr/m/n' in size <12> not available
(Font)              Font shape `OMS/cmsy/m/n' tried instead on input line 77.
 [4] [5]
Overfull \hbox (8.62979pt too wide) in paragraph at lines 212--214
\T1/cmr/m/n/12 work-ing di-rec-tory of \T1/cmtt/m/n/12 MASCARET \T1/cmr/m/n/12 
is ''\T1/cmr/m/it/12 ~\Fudaa-Mascaret\serveurs\mascaret \mas-
 []

[6


]
File: valid.eps Graphic file (type eps)
 <valid.eps> [7]
File: kernel.eps Graphic file (type eps)
 <kernel.eps>
File: edit_nw.eps Graphic file (type eps)
 <edit_nw.eps> [8]
File: network.eps Graphic file (type eps)
 <network.eps>
File: create_nw.eps Graphic file (type eps)

<create_nw.eps>
File: reach.eps Graphic file (type eps)
 <reach.eps>
File: single_reach.eps Graphic file (type eps)
 <single_reach.eps>

LaTeX Warning: `h' float specifier changed to `ht'.

File: new.eps Graphic file (type eps)
<new.eps>
File: moins.eps Graphic file (type eps)
 <moins.eps> [9]
File: valid.eps Graphic file (type eps)
 <valid.eps> [10]
File: cross_sections.eps Graphic file (type eps)
 <cross_sections.eps>
File: import.eps Graphic file (type eps)
 <import.eps>
File: edit.eps Graphic file (type eps)

<edit.eps>
File: new.eps Graphic file (type eps)
 <new.eps> [11]
File: stage_hydro.eps Graphic file (type eps)
 <stage_hydro.eps> [12]
File: valid.eps Graphic file (type eps)
 <valid.eps>
File: valid.eps Graphic file (type eps)
 <valid.eps>
[13]
File: valid.eps Graphic file (type eps)
 <valid.eps> [14]
File: output_para.eps Graphic file (type eps)
 <output_para.eps> [15]
File: compute.eps Graphic file (type eps)
 <compute.eps>
File: show.eps Graphic file (type eps)
 <show.eps>
File: Qsanschoc.eps Graphic file (type eps)

<Qsanschoc.eps>

LaTeX Warning: `h' float specifier changed to `ht'.

File: Zsanschoc.eps Graphic file (type eps)
<Zsanschoc.eps>

LaTeX Warning: `h' float specifier changed to `ht'.

[16] [17]
File: Qavecchoc.eps Graphic file (type eps)
 <Qavecchoc.eps>

LaTeX Warning: `h' float specifier changed to `ht'.

[18]
File: Zavecchoc.eps Graphic file (type eps)
 <Zavecchoc.eps>

LaTeX Warning: `h' float specifier changed to `ht'.

[19] [20]
File: barrage.eps Graphic file (type eps)
 <barrage.eps>
File: confluent_hexa.eps Graphic file (type eps)
 <confluent_hexa.eps> [21]
LaTeX Font Info:    Font shape `T1/cmtt/bx/n' in size <14.4> not available
(Font)              Font shape `T1/cmtt/m/n' tried instead on input line 738.
File: valid.eps Graphic file (type eps)
 <valid.eps>
File: profiles.eps Graphic file (type eps)
 <profiles.eps>
[22]
File: edit_nw.eps Graphic file (type eps)
 <edit_nw.eps>
File: create_junction.eps Graphic file (type eps)
 <create_junction.eps>
File: create_nw.eps Graphic file (type eps)
 <create_nw.eps> [23]
File: reach.eps Graphic file (type eps)
 <reach.eps>
File: junction.eps Graphic file (type eps)

<junction.eps>
File: final_junction.eps Graphic file (type eps)
 <final_junction.eps>
File: final_junction_2.eps Graphic file (type eps)
 <final_junction_2.eps>
File: edit_nw.eps Graphic file (type eps)
 <edit_nw.eps>
File: import.eps Graphic file (type eps)

<import.eps>
File: edit.eps Graphic file (type eps)
 <edit.eps>
File: reculer.eps Graphic file (type eps)
 <reculer.eps>
File: avancer.eps Graphic file (type eps)
 <avancer.eps>
File: valid.eps Graphic file (type eps)
 <valid.eps>
File: valid.eps Graphic file (type eps)
 <valid.eps>
[24]
File: cross-section.eps Graphic file (type eps)
 <cross-section.eps> [25]
File: valid.eps Graphic file (type eps)
 <valid.eps>
File: new.eps Graphic file (type eps)
 <new.eps>
File: import.eps Graphic file (type eps)
 <import.eps> [26]
File: bcond.eps Graphic file (type eps)

<bcond.eps> [27]
File: grid-map.eps Graphic file (type eps)
 <grid-map.eps>
File: valid.eps Graphic file (type eps)
 <valid.eps>
Overfull \hbox (4.1786pt too wide) in paragraph at lines 1016--1019
[]\T1/cmr/m/n/12 From the hy-draulics menu, se-lect the \T1/cmr/bx/n/12 ``Ver-t
i-cal Dis-cretiza-tion of Cross-
 []

[28]
File: initial-cond.eps Graphic file (type eps)
 <initial-cond.eps> [29]
File: valid.eps Graphic file (type eps)
 <valid.eps> [30] [31]
File: general-params.eps Graphic file (type eps)
 <general-params.eps>
File: valid.eps Graphic file (type eps)

<valid.eps> [32]
File: advanced-params.eps Graphic file (type eps)
 <advanced-params.eps>
File: valid.eps Graphic file (type eps)
 <valid.eps> [33]
File: output-params.eps Graphic file (type eps)
 <output-params.eps>
File: compute.eps Graphic file (type eps)

<compute.eps> [34] [35]
File: flow-disch-r1.eps Graphic file (type eps)
 <flow-disch-r1.eps>
File: junction_R1.eps Graphic file (type eps)
 <junction_R1.eps>
File: junction_R2.eps Graphic file (type eps)

<junction_R2.eps>
File: junction_R3.eps Graphic file (type eps)
 <junction_R3.eps> [36]

LaTeX Warning: Text page 37 contains only floats.

[37]
File: valid.eps Graphic file (type eps)
 <valid.eps>
File: create_nw.eps Graphic file (type eps)
 <create_nw.eps> [38]
File: storage_area.eps Graphic file (type eps)
 <storage_area.eps>
File: link_sa.eps Graphic file (type eps)
 <link_sa.eps>
File: Connect1.eps Graphic file (type eps)

<Connect1.eps>
File: Connect2.eps Graphic file (type eps)
 <Connect2.eps>
File: Connect3.eps Graphic file (type eps)
 <Connect3.eps>

LaTeX Warning: `h' float specifier changed to `ht'.

File: lateral_inflow.eps Graphic file (type eps)
<lateral_inflow.eps>
File: headloss.eps Graphic file (type eps)
 <headloss.eps> [39]
File: dam_weir.eps Graphic file (type eps)
 <dam_weir.eps>
File: inflow.eps Graphic file (type eps)
 <inflow.eps>
File: edit_nw.eps Graphic file (type eps)

<edit_nw.eps> [40]
File: Final_network.eps Graphic file (type eps)
 <Final_network.eps>
File: edit.eps Graphic file (type eps)
 <edit.eps>
File: plus.eps Graphic file (type eps)
 <plus.eps>
File: valid.eps Graphic file (type eps)
 <valid.eps>
[41]
File: CS_R1_P1.eps Graphic file (type eps)
 <CS_R1_P1.eps>
File: edit.eps Graphic file (type eps)
 <edit.eps>
File: new.eps Graphic file (type eps)
 <new.eps> [42]
File: CS_R1_P2.eps Graphic file (type eps)
 <CS_R1_P2.eps>
File: new.eps Graphic file (type eps)
 <new.eps> [43]
File: inflow_sa1.eps Graphic file (type eps)

<inflow_sa1.eps>
File: disc_SA1.eps Graphic file (type eps)
 <disc_SA1.eps>

LaTeX Warning: `h' float specifier changed to `ht'.

[44] [45]
File: disc_SA2.eps Graphic file (type eps)
 <disc_SA2.eps> [46]
File: valid.eps Graphic file (type eps)
 <valid.eps>
File: valid.eps Graphic file (type eps)
 <valid.eps>
File: valid.eps Graphic file (type eps)
 <valid.eps> [47]
File: valid.eps Graphic file (type eps)

<valid.eps>
File: lateral_weir.eps Graphic file (type eps)
 <lateral_weir.eps>
File: valid.eps Graphic file (type eps)
 <valid.eps> [48]
File: param_weir.eps Graphic file (type eps)
 <param_weir.eps>
File: new.eps Graphic file (type eps)
 <new.eps>
[49]
File: valid.eps Graphic file (type eps)
 <valid.eps>
File: new.eps Graphic file (type eps)
 <new.eps>
File: valid.eps Graphic file (type eps)
 <valid.eps>
File: new.eps Graphic file (type eps)
 <new.eps> [50]
File: valid.eps Graphic file (type eps)
 <valid.eps>
File: valid.eps Graphic file (type eps)
 <valid.eps>
File: valid.eps Graphic file (type eps)

<valid.eps> [51]
File: valid.eps Graphic file (type eps)
 <valid.eps>
File: Cond_Ini.eps Graphic file (type eps)
 <Cond_Ini.eps>
File: valid.eps Graphic file (type eps)
 <valid.eps> [52]
File: valid.eps Graphic file (type eps)
 <valid.eps>
File: general_params.eps Graphic file (type eps)

<general_params.eps>

LaTeX Warning: `h' float specifier changed to `ht'.

[53] [54]
File: outpu_params.eps Graphic file (type eps)
 <outpu_params.eps>
File: compute.eps Graphic file (type eps)
 <compute.eps> [55]
File: show.eps Graphic file (type eps)
 <show.eps>
File: avancer.eps Graphic file (type eps)
 <avancer.eps>
[56]
File: discharge_reach1.eps Graphic file (type eps)
 <discharge_reach1.eps> [57]
File: discharge_link1.eps Graphic file (type eps)
 <discharge_link1.eps> [58]
File: avant-apres.eps Graphic file (type eps)
 <avant-apres.eps>
[59] [60]
File: carte1.eps Graphic file (type eps)
 <carte1.eps> [61]
File: carte2.eps Graphic file (type eps)
 <carte2.eps> [62]
File: cross-sections.eps Graphic file (type eps)
 <cross-sections.eps>
File: valid.eps Graphic file (type eps)
 <valid.eps>
File: create_nw.eps Graphic file (type eps)

<create_nw.eps>
File: reach.eps Graphic file (type eps)
 <reach.eps>
File: edit_nw.eps Graphic file (type eps)
 <edit_nw.eps>
File: import.eps Graphic file (type eps)
 <import.eps>
File: edit.eps Graphic file (type eps)
 <edit.eps> [63]
File: valid.eps Graphic file (type eps)

<valid.eps> [64]
File: valid.eps Graphic file (type eps)
 <valid.eps>
File: initial_wl.eps Graphic file (type eps)
 <initial_wl.eps>
File: valid.eps Graphic file (type eps)
 <valid.eps> [65]
File: initial_cond.eps Graphic file (type eps)

<initial_cond.eps> [66] [67]
File: general_params2.eps Graphic file (type eps)
 <general_params2.eps> [68]
File: result_params.eps Graphic file (type eps)
 <result_params.eps>
File: compute.eps Graphic file (type eps)

<compute.eps> [69]
File: show.eps Graphic file (type eps)
 <show.eps>
File: arrival_time.eps Graphic file (type eps)
 <arrival_time.eps> [70]
File: max_level.eps Graphic file (type eps)
 <max_level.eps> [71]
File: edit_nw.eps Graphic file (type eps)

<edit_nw.eps>
File: create_nw.eps Graphic file (type eps)
 <create_nw.eps>
File: reach.eps Graphic file (type eps)
 <reach.eps>
File: single_reach.eps Graphic file (type eps)
 <single_reach.eps> [72]
File: new.eps Graphic file (type eps)
 <new.eps>
File: moins.eps Graphic file (type eps)

<moins.eps>
File: valid.eps Graphic file (type eps)
 <valid.eps>
File: new.eps Graphic file (type eps)
 <new.eps>
File: flow_b1.eps Graphic file (type eps)
 <flow_b1.eps>

LaTeX Warning: `h' float specifier changed to `ht'.

[73] [74] [75]
File: wq_model.eps Graphic file (type eps)
 <wq_model.eps>
File: valid.eps Graphic file (type eps)
 <valid.eps>
File: BCQ.eps Graphic file (type eps)
 <BCQ.eps>

LaTeX Warning: `h' float specifier changed to `ht'.

File: new.eps Graphic file (type eps)
<new.eps> [76]

LaTeX Warning: `h' float specifier changed to `ht'.

[77]
File: valid.eps Graphic file (type eps)
 <valid.eps>
File: general_paramsT.eps Graphic file (type eps)
 <general_paramsT.eps>

LaTeX Warning: `h' float specifier changed to `ht'.

File: compute.eps Graphic file (type eps)
<compute.eps> [78]
File: show.eps Graphic file (type eps)
 <show.eps>
File: avancer.eps Graphic file (type eps)
 <avancer.eps>
File: show.eps Graphic file (type eps)
 <show.eps>
File: avancer.eps Graphic file (type eps)
 <avancer.eps> [79]
[80]
File: results.eps Graphic file (type eps)
 <results.eps>
File: comp.eps Graphic file (type eps)
 <comp.eps>

LaTeX Warning: `h' float specifier changed to `ht'.

[81] [82]
File: junctionA.eps Graphic file (type eps)
 <junctionA.eps> [83]
Underfull \hbox (badness 10000) in paragraph at lines 3101--3113

 []


Underfull \hbox (badness 10000) in paragraph at lines 3118--3130

 []

[84]
Underfull \hbox (badness 10000) in paragraph at lines 3140--3181

 []

[85]
Underfull \hbox (badness 10000) in paragraph at lines 3182--3185

 []


Underfull \hbox (badness 10000) in paragraph at lines 3186--3240

 []

[86]
Underfull \hbox (badness 10000) in paragraph at lines 3246--3270

 []

[87]
Overfull \hbox (16.0813pt too wide) in paragraph at lines 3274--3323
\T1/cmr/m/n/12 0.0000000E+00 0.0000000E+00 0.0000000E+00 0.0000000E+00 0.000000
0E+00 
 []


Overfull \hbox (16.0813pt too wide) in paragraph at lines 3274--3323
\T1/cmr/m/n/12 0.0000000E+00 0.0000000E+00 0.0000000E+00 0.0000000E+00 0.000000
0E+00 
 []


Overfull \hbox (16.0813pt too wide) in paragraph at lines 3274--3323
\T1/cmr/m/n/12 0.0000000E+00 0.0000000E+00 0.0000000E+00 0.0000000E+00 0.000000
0E+00 
 []


Overfull \hbox (16.0813pt too wide) in paragraph at lines 3274--3323
\T1/cmr/m/n/12 0.0000000E+00 0.0000000E+00 0.0000000E+00 0.0000000E+00 0.000000
0E+00 
 []


Overfull \hbox (16.0813pt too wide) in paragraph at lines 3274--3323
\T1/cmr/m/n/12 0.0000000E+00 0.0000000E+00 0.0000000E+00 0.0000000E+00 0.000000
0E+00 
 []


Overfull \hbox (16.0813pt too wide) in paragraph at lines 3274--3323
\T1/cmr/m/n/12 0.0000000E+00 0.0000000E+00 0.0000000E+00 0.0000000E+00 0.000000
0E+00 
 []


Underfull \hbox (badness 10000) in paragraph at lines 3274--3323

 []

[88] [89]
Underfull \hbox (badness 10000) in paragraph at lines 3328--3353

 []


Underfull \hbox (badness 10000) in paragraph at lines 3354--3379

 []

[90]
Underfull \hbox (badness 10000) in paragraph at lines 3386--3442

 []

[91] [92]
Underfull \hbox (badness 10000) in paragraph at lines 3447--3505

 []

[93]
Underfull \hbox (badness 10000) in paragraph at lines 3513--3516

 []

Package atveryend Info: Empty hook `BeforeClearDocument' on input line 3521.
[94]
Package atveryend Info: Empty hook `AfterLastShipout' on input line 3521.
 ("E:\Mascaret\doc\EN\Application Guide\ApplGuid.aux")
Package atveryend Info: Empty hook `AtVeryEndDocument' on input line 3521.
Package atveryend Info: Executing hook `AtEndAfterFileList' on input line 3521.

Package rerunfilecheck Info: File `ApplGuid.out' has not changed.
(rerunfilecheck)             Checksum: FBA4EA7ACC695FE9F1CBC4176A07F35D;7584.
Package atveryend Info: Empty hook `AtVeryVeryEnd' on input line 3521.
 ) 
Here is how much of TeX's memory you used:
 6160 strings out of 494020
 91972 string characters out of 3132514
 184992 words of memory out of 3000000
 9279 multiletter control sequences out of 15000+200000
 20649 words of font info for 53 fonts, out of 3000000 for 9000
 714 hyphenation exceptions out of 8191
 29i,11n,28p,716b,365s stack positions out of 5000i,500n,10000p,200000b,50000s

Output written on ApplGuid.dvi (95 pages, 327276 bytes).
