This is pdfTeX, Version 3.1415926-1.40.11 (MiKTeX 2.9) (preloaded format=latex 2010.11.15)  3 FEB 2015 16:42
entering extended mode
**Princip_FR.tex
("E:\Mascaret\doc\FR\Note de principe MASCARET\Princip_FR.tex"
LaTeX2e <2009/09/24>
Babel <v3.8l> and hyphenation patterns for english, afrikaans, ancientgreek, ar
abic, armenian, assamese, basque, bengali, bokmal, bulgarian, catalan, coptic, 
croatian, czech, danish, dutch, esperanto, estonian, farsi, finnish, french, ga
lician, german, german-x-2009-06-19, greek, gujarati, hindi, hungarian, iceland
ic, indonesian, interlingua, irish, italian, kannada, kurmanji, lao, latin, lat
vian, lithuanian, malayalam, marathi, mongolian, mongolianlmc, monogreek, ngerm
an, ngerman-x-2009-06-19, nynorsk, oriya, panjabi, pinyin, polish, portuguese, 
romanian, russian, sanskrit, serbian, slovak, slovenian, spanish, swedish, swis
sgerman, tamil, telugu, turkish, turkmen, ukenglish, ukrainian, uppersorbian, u
senglishmax, welsh, loaded.
(C:\USBTeX-1.6\programs\MiKTeX_2.9\tex\latex\base\article.cls
Document Class: article 2007/10/19 v1.4h Standard LaTeX document class
(C:\USBTeX-1.6\programs\MiKTeX_2.9\tex\latex\base\size12.clo
File: size12.clo 2007/10/19 v1.4h Standard LaTeX file (size option)
)
\c@part=\count79
\c@section=\count80
\c@subsection=\count81
\c@subsubsection=\count82
\c@paragraph=\count83
\c@subparagraph=\count84
\c@figure=\count85
\c@table=\count86
\abovecaptionskip=\skip41
\belowcaptionskip=\skip42
\bibindent=\dimen102
)
(C:\USBTeX-1.6\programs\MiKTeX_2.9\tex\latex\base\fontenc.sty
Package: fontenc 2005/09/27 v1.99g Standard LaTeX package

(C:\USBTeX-1.6\programs\MiKTeX_2.9\tex\latex\base\t1enc.def
File: t1enc.def 2005/09/27 v1.99g Standard LaTeX file
LaTeX Font Info:    Redeclaring font encoding T1 on input line 43.
))
(C:\USBTeX-1.6\programs\MiKTeX_2.9\tex\generic\babel\babel.sty
Package: babel 2008/07/06 v3.8l The Babel package

*************************************
* Local config file bblopts.cfg used
*
(C:\USBTeX-1.6\programs\MiKTeX_2.9\tex\latex\00miktex\bblopts.cfg
File: bblopts.cfg 2006/07/31 v1.0 MiKTeX 'babel' configuration
)
(C:\USBTeX-1.6\programs\MiKTeX_2.9\tex\generic\babel\frenchb.ldf
Language: frenchb 2009/03/16 v2.3d French support from the babel system

(C:\USBTeX-1.6\programs\MiKTeX_2.9\tex\generic\babel\babel.def
File: babel.def 2008/07/06 v3.8l Babel common definitions
\babel@savecnt=\count87
\U@D=\dimen103
)
Package babel Info: Making : an active character on input line 120.
Package babel Info: Making ; an active character on input line 121.
Package babel Info: Making ! an active character on input line 122.
Package babel Info: Making ? an active character on input line 123.
\FB@Mht=\dimen104
\std@mcc=\count88
\dec@mcc=\count89
\parindentFFN=\dimen105

*************************************
* Local config file frenchb.cfg used
*
(C:\USBTeX-1.6\programs\MiKTeX_2.9\tex\generic\babel\frenchb.cfg)))
(C:\USBTeX-1.6\programs\MiKTeX_2.9\tex\latex\carlisle\scalefnt.sty)
(C:\USBTeX-1.6\programs\MiKTeX_2.9\tex\latex\graphics\keyval.sty
Package: keyval 1999/03/16 v1.13 key=value parser (DPC)
\KV@toks@=\toks14
)
(C:\USBTeX-1.6\programs\MiKTeX_2.9\tex\latex\tools\longtable.sty
Package: longtable 2004/02/01 v4.11 Multi-page Table package (DPC)
\LTleft=\skip43
\LTright=\skip44
\LTpre=\skip45
\LTpost=\skip46
\LTchunksize=\count90
\LTcapwidth=\dimen106
\LT@head=\box26
\LT@firsthead=\box27
\LT@foot=\box28
\LT@lastfoot=\box29
\LT@cols=\count91
\LT@rows=\count92
\c@LT@tables=\count93
\c@LT@chunks=\count94
\LT@p@ftn=\toks15
)
(C:\USBTeX-1.6\programs\MiKTeX_2.9\tex\latex\hyperref\hyperref.sty
Package: hyperref 2011/04/17 v6.82g Hypertext links for LaTeX

(C:\USBTeX-1.6\programs\MiKTeX_2.9\tex\generic\oberdiek\hobsub-hyperref.sty
Package: hobsub-hyperref 2011/04/18 v1.3 Bundle oberdiek, subset hyperref (HO)

(C:\USBTeX-1.6\programs\MiKTeX_2.9\tex\generic\oberdiek\hobsub-generic.sty
Package: hobsub-generic 2011/04/18 v1.3 Bundle oberdiek, subset generic (HO)
Package: hobsub 2011/04/18 v1.3 Subsetting bundle oberdiek (HO)
Package: infwarerr 2010/04/08 v1.3 Providing info/warning/message (HO)
Package: ltxcmds 2011/04/18 v1.20 LaTeX kernel commands for general use (HO)
Package: ifluatex 2010/03/01 v1.3 Provides the ifluatex switch (HO)
Package ifluatex Info: LuaTeX not detected.
Package: ifvtex 2010/03/01 v1.5 Switches for detecting VTeX and its modes (HO)
Package ifvtex Info: VTeX not detected.
Package: intcalc 2007/09/27 v1.1 Expandable integer calculations (HO)
Package: ifpdf 2011/01/30 v2.3 Provides the ifpdf switch (HO)
Package ifpdf Info: pdfTeX in PDF mode is not detected.
Package: etexcmds 2011/02/16 v1.5 Prefix for e-TeX command names (HO)
Package etexcmds Info: Could not find \expanded.
(etexcmds)             That can mean that you are not using pdfTeX 1.50 or
(etexcmds)             that some package has redefined \expanded.
(etexcmds)             In the latter case, load this package earlier.
Package: kvsetkeys 2011/04/07 v1.13 Key value parser (HO)
Package: kvdefinekeys 2011/04/07 v1.3 Defining keys (HO)
Package: pdftexcmds 2011/04/16 v0.15 Utilities of pdfTeX for LuaTeX (HO)
Package pdftexcmds Info: LuaTeX not detected.
Package pdftexcmds Info: \pdf@primitive is available.
Package pdftexcmds Info: \pdf@ifprimitive is available.
Package pdftexcmds Info: \pdfdraftmode is ignored in DVI mode.
Package: pdfescape 2011/04/04 v1.12 Provides string conversions (HO)
Package: bigintcalc 2011/01/30 v1.2 Expandable big integer calculations (HO)
Package: bitset 2011/01/30 v1.1 Data type bit set (HO)
Package: uniquecounter 2011/01/30 v1.2 Provides unlimited unique counter (HO)
)
Package hobsub Info: Skipping package `hobsub' (already loaded).
Package: letltxmacro 2010/09/02 v1.4 Let assignment for LaTeX macros (HO)
Package: hopatch 2011/01/30 v1.0 Wrapper for package hooks (HO)
Package: xcolor-patch 2011/01/30 xcolor patch
Package: atveryend 2011/04/15 v1.6 Hooks at very end of document (HO)
Package atveryend Info: \enddocument detected (standard).
Package: atbegshi 2011/01/30 v1.15 At begin shipout hook (HO)
Package: refcount 2010/12/01 v3.2 Data extraction from references (HO)
Package: hycolor 2011/01/30 v1.7 Color options of hyperref/bookmark (HO)
)
(C:\USBTeX-1.6\programs\MiKTeX_2.9\tex\generic\ifxetex\ifxetex.sty
Package: ifxetex 2010/09/12 v0.6 Provides ifxetex conditional
)
(C:\USBTeX-1.6\programs\MiKTeX_2.9\tex\latex\oberdiek\kvoptions.sty
Package: kvoptions 2010/12/23 v3.10 Keyval support for LaTeX options (HO)
)
\@linkdim=\dimen107
\Hy@linkcounter=\count95
\Hy@pagecounter=\count96

(C:\USBTeX-1.6\programs\MiKTeX_2.9\tex\latex\hyperref\pd1enc.def
File: pd1enc.def 2011/04/17 v6.82g Hyperref: PDFDocEncoding definition (HO)
)
\Hy@SavedSpaceFactor=\count97

(C:\USBTeX-1.6\programs\MiKTeX_2.9\tex\latex\00miktex\hyperref.cfg
File: hyperref.cfg 2002/06/06 v1.2 hyperref configuration of TeXLive
)
Package hyperref Info: Hyper figures OFF on input line 4026.
Package hyperref Info: Link nesting OFF on input line 4031.
Package hyperref Info: Hyper index ON on input line 4034.
Package hyperref Info: Plain pages OFF on input line 4041.
Package hyperref Info: Backreferencing OFF on input line 4046.
Package hyperref Info: Implicit mode ON; LaTeX internals redefined.
Package hyperref Info: Bookmarks ON on input line 4264.
\c@Hy@tempcnt=\count98

(C:\USBTeX-1.6\programs\MiKTeX_2.9\tex\latex\ltxmisc\url.sty
\Urlmuskip=\muskip10
Package: url 2006/04/12  ver 3.3  Verb mode for urls, etc.
)
LaTeX Info: Redefining \url on input line 4617.
\Fld@menulength=\count99
\Field@Width=\dimen108
\Fld@charsize=\dimen109
Package hyperref Info: Hyper figures OFF on input line 5701.
Package hyperref Info: Link nesting OFF on input line 5706.
Package hyperref Info: Hyper index ON on input line 5709.
Package hyperref Info: backreferencing OFF on input line 5716.
Package hyperref Info: Link coloring OFF on input line 5721.
Package hyperref Info: Link coloring with OCG OFF on input line 5726.
Package hyperref Info: PDF/A mode OFF on input line 5731.
LaTeX Info: Redefining \ref on input line 5771.
LaTeX Info: Redefining \pageref on input line 5775.
\Hy@abspage=\count100
\c@Item=\count101
\c@Hfootnote=\count102
)

Package hyperref Message: Driver (default): hdvips.

(C:\USBTeX-1.6\programs\MiKTeX_2.9\tex\latex\hyperref\hdvips.def
File: hdvips.def 2011/04/17 v6.82g Hyperref driver for dvips

(C:\USBTeX-1.6\programs\MiKTeX_2.9\tex\latex\hyperref\pdfmark.def
File: pdfmark.def 2011/04/17 v6.82g Hyperref definitions for pdfmark specials
\pdf@docset=\toks16
\pdf@box=\box30
\pdf@toks=\toks17
\pdf@defaulttoks=\toks18
\Fld@listcount=\count103
\c@bookmark@seq@number=\count104

(C:\USBTeX-1.6\programs\MiKTeX_2.9\tex\latex\oberdiek\rerunfilecheck.sty
Package: rerunfilecheck 2011/04/15 v1.7 Rerun checks for auxiliary files (HO)
Package uniquecounter Info: New unique counter `rerunfilecheck' on input line 2
82.
)
\Hy@SectionHShift=\skip47
))
(C:\USBTeX-1.6\programs\MiKTeX_2.9\tex\latex\multirow\multirow.sty
\bigstrutjot=\dimen110
)
(C:\USBTeX-1.6\programs\MiKTeX_2.9\tex\latex\ams\math\amsmath.sty
Package: amsmath 2000/07/18 v2.13 AMS math features
\@mathmargin=\skip48

For additional information on amsmath, use the `?' option.
(C:\USBTeX-1.6\programs\MiKTeX_2.9\tex\latex\ams\math\amstext.sty
Package: amstext 2000/06/29 v2.01

(C:\USBTeX-1.6\programs\MiKTeX_2.9\tex\latex\ams\math\amsgen.sty
File: amsgen.sty 1999/11/30 v2.0
\@emptytoks=\toks19
\ex@=\dimen111
))
(C:\USBTeX-1.6\programs\MiKTeX_2.9\tex\latex\ams\math\amsbsy.sty
Package: amsbsy 1999/11/29 v1.2d
\pmbraise@=\dimen112
)
(C:\USBTeX-1.6\programs\MiKTeX_2.9\tex\latex\ams\math\amsopn.sty
Package: amsopn 1999/12/14 v2.01 operator names
)
\inf@bad=\count105
LaTeX Info: Redefining \frac on input line 211.
\uproot@=\count106
\leftroot@=\count107
LaTeX Info: Redefining \overline on input line 307.
\classnum@=\count108
\DOTSCASE@=\count109
LaTeX Info: Redefining \ldots on input line 379.
LaTeX Info: Redefining \dots on input line 382.
LaTeX Info: Redefining \cdots on input line 467.
\Mathstrutbox@=\box31
\strutbox@=\box32
\big@size=\dimen113
LaTeX Font Info:    Redeclaring font encoding OML on input line 567.
LaTeX Font Info:    Redeclaring font encoding OMS on input line 568.
\macc@depth=\count110
\c@MaxMatrixCols=\count111
\dotsspace@=\muskip11
\c@parentequation=\count112
\dspbrk@lvl=\count113
\tag@help=\toks20
\row@=\count114
\column@=\count115
\maxfields@=\count116
\andhelp@=\toks21
\eqnshift@=\dimen114
\alignsep@=\dimen115
\tagshift@=\dimen116
\tagwidth@=\dimen117
\totwidth@=\dimen118
\lineht@=\dimen119
\@envbody=\toks22
\multlinegap=\skip49
\multlinetaggap=\skip50
\mathdisplay@stack=\toks23
LaTeX Info: Redefining \[ on input line 2666.
LaTeX Info: Redefining \] on input line 2667.
)
(C:\USBTeX-1.6\programs\MiKTeX_2.9\tex\latex\amsfonts\amsfonts.sty
Package: amsfonts 2009/06/22 v3.00 Basic AMSFonts support
\symAMSa=\mathgroup4
\symAMSb=\mathgroup5
LaTeX Font Info:    Overwriting math alphabet `\mathfrak' in version `bold'
(Font)                  U/euf/m/n --> U/euf/b/n on input line 96.
)
(C:\USBTeX-1.6\programs\MiKTeX_2.9\tex\latex\graphics\graphicx.sty
Package: graphicx 1999/02/16 v1.0f Enhanced LaTeX Graphics (DPC,SPQR)

(C:\USBTeX-1.6\programs\MiKTeX_2.9\tex\latex\graphics\graphics.sty
Package: graphics 2009/02/05 v1.0o Standard LaTeX Graphics (DPC,SPQR)

(C:\USBTeX-1.6\programs\MiKTeX_2.9\tex\latex\graphics\trig.sty
Package: trig 1999/03/16 v1.09 sin cos tan (DPC)
)
(C:\USBTeX-1.6\programs\MiKTeX_2.9\tex\latex\00miktex\graphics.cfg
File: graphics.cfg 2007/01/18 v1.5 graphics configuration of teTeX/TeXLive
)
Package graphics Info: Driver file: dvips.def on input line 91.

(C:\USBTeX-1.6\programs\MiKTeX_2.9\tex\latex\graphics\dvips.def
File: dvips.def 1999/02/16 v3.0i Driver-dependant file (DPC,SPQR)
))
\Gin@req@height=\dimen120
\Gin@req@width=\dimen121
)
("E:\Mascaret\doc\FR\Note de principe MASCARET\Princip_FR.aux"
("E:\Mascaret\doc\FR\Note de principe MASCARET\Introduction.aux")
("E:\Mascaret\doc\FR\Note de principe MASCARET\noyauxDF.aux")
("E:\Mascaret\doc\FR\Note de principe MASCARET\noyauTRSC.aux")
("E:\Mascaret\doc\FR\Note de principe MASCARET\Casier.aux")
("E:\Mascaret\doc\FR\Note de principe MASCARET\Calage.aux"))
LaTeX Font Info:    Checking defaults for OML/cmm/m/it on input line 38.
LaTeX Font Info:    ... okay on input line 38.
LaTeX Font Info:    Checking defaults for T1/cmr/m/n on input line 38.
LaTeX Font Info:    ... okay on input line 38.
LaTeX Font Info:    Checking defaults for OT1/cmr/m/n on input line 38.
LaTeX Font Info:    ... okay on input line 38.
LaTeX Font Info:    Checking defaults for OMS/cmsy/m/n on input line 38.
LaTeX Font Info:    ... okay on input line 38.
LaTeX Font Info:    Checking defaults for OMX/cmex/m/n on input line 38.
LaTeX Font Info:    ... okay on input line 38.
LaTeX Font Info:    Checking defaults for U/cmr/m/n on input line 38.
LaTeX Font Info:    ... okay on input line 38.
LaTeX Font Info:    Checking defaults for PD1/pdf/m/n on input line 38.
LaTeX Font Info:    ... okay on input line 38.
LaTeX Info: Redefining \degres on input line 38.
LaTeX Info: Redefining \dots on input line 38.
LaTeX Info: Redefining \up on input line 38.
\AtBeginShipoutBox=\box33
Package hyperref Info: Link coloring OFF on input line 38.

(C:\USBTeX-1.6\programs\MiKTeX_2.9\tex\latex\hyperref\nameref.sty
Package: nameref 2010/04/30 v2.40 Cross-referencing by name of section

(C:\USBTeX-1.6\programs\MiKTeX_2.9\tex\generic\oberdiek\gettitlestring.sty
Package: gettitlestring 2010/12/03 v1.4 Cleanup title references (HO)
)
\c@section@level=\count117
)
LaTeX Info: Redefining \ref on input line 38.
LaTeX Info: Redefining \pageref on input line 38.
LaTeX Info: Redefining \nameref on input line 38.

("E:\Mascaret\doc\FR\Note de principe MASCARET\Princip_FR.out")
("E:\Mascaret\doc\FR\Note de principe MASCARET\Princip_FR.out")
\@outlinefile=\write3
File: ./EDF_Logo.eps Graphic file (type eps)

<./EDF_Logo.eps>
LaTeX Font Info:    Try loading font information for U+msa on input line 49.
 (C:\USBTeX-1.6\programs\MiKTeX_2.9\tex\latex\amsfonts\umsa.fd
File: umsa.fd 2009/06/22 v3.00 AMS symbols A
)
LaTeX Font Info:    Try loading font information for U+msb on input line 49.
(C:\USBTeX-1.6\programs\MiKTeX_2.9\tex\latex\amsfonts\umsb.fd
File: umsb.fd 2009/06/22 v3.00 AMS symbols B
)
File: ./CEREMA_Logo.eps Graphic file (type eps)

<./CEREMA_Logo.eps>
Overfull \hbox (37.72614pt too wide) in paragraph at lines 52--54
 []
 []

LaTeX Font Info:    Try loading font information for OMS+cmr on input line 64.
(C:\USBTeX-1.6\programs\MiKTeX_2.9\tex\latex\base\omscmr.fd
File: omscmr.fd 1999/05/25 v2.5h Standard LaTeX font definitions
)
LaTeX Font Info:    Font shape `OMS/cmr/m/n' in size <17.28> not available
(Font)              Font shape `OMS/cmsy/m/n' tried instead on input line 64.
 [1

]
LaTeX Font Info:    Try loading font information for T1+cmtt on input line 78.

(C:\USBTeX-1.6\programs\MiKTeX_2.9\tex\latex\base\t1cmtt.fd
File: t1cmtt.fd 1999/05/25 v2.5h Standard LaTeX font definitions
) [1]
("E:\Mascaret\doc\FR\Note de principe MASCARET\Princip_FR.toc"
LaTeX Font Info:    Font shape `T1/cmtt/bx/n' in size <12> not available
(Font)              Font shape `T1/cmtt/m/n' tried instead on input line 8.
 [2])
\tf@toc=\write4
 [3]
("E:\Mascaret\doc\FR\Note de principe MASCARET\Introduction.tex"
File: systeme_MASCARET.eps Graphic file (type eps)

<systeme_MASCARET.eps> [4

] [5] [6]
File: Schema_profil.eps Graphic file (type eps)
 <Schema_profil.eps> [7] [8]) [9]
("E:\Mascaret\doc\FR\Note de principe MASCARET\noyauxDF.tex"
LaTeX Font Info:    Font shape `T1/cmtt/bx/n' in size <17.28> not available
(Font)              Font shape `T1/cmtt/m/n' tried instead on input line 1.

("E:\Mascaret\doc\FR\Note de principe MASCARET\Principe_Modelisation.tex"
[10


] [11] [12] [13] [14] [15] [16] [17] [18] [19]
File: Schema_confluent.eps Graphic file (type eps)
 <Schema_confluent.eps>
[20] [21] [22] [23]
File: Schema_singularite.eps Graphic file (type eps)
 <Schema_singularite.eps> [24]
LaTeX Font Info:    Try loading font information for T1+cmss on input line 725.


(C:\USBTeX-1.6\programs\MiKTeX_2.9\tex\latex\base\t1cmss.fd
File: t1cmss.fd 1999/05/25 v2.5h Standard LaTeX font definitions
)
File: Schema_Seuil_Denoye.eps Graphic file (type eps)

<Schema_Seuil_Denoye.eps>
File: Schema_Seuil_Noye.eps Graphic file (type eps)
 <Schema_Seuil_Noye.eps> [25] [26])
("E:\Mascaret\doc\FR\Note de principe MASCARET\Methodes_resolution.tex"
[27]
File: Principe_Res_Perm.eps Graphic file (type eps)
 <Principe_Res_Perm.eps> [28] [29]
File: Princ_Cal_Sol_Apr.eps Graphic file (type eps)
 <Princ_Cal_Sol_Apr.eps> [30]
File: Pass_Loc_Tor.eps Graphic file (type eps)

<Pass_Loc_Tor.eps> [31] [32] [33]
File: Disc_DF.eps Graphic file (type eps)
 <Disc_DF.eps> [34] [35] [36] [37] [38]
[39]
Overfull \hbox (10.73332pt too wide) in paragraph at lines 702--703
[]\T1/cmr/m/n/12 le pre-mier est le sol-veur bande \T1/cmtt/m/n/12 DGBSV \T1/cm
r/m/n/12 de la bi-blio-théque lo-gi-cielle \T1/cmtt/m/n/12 LAPACK[]\T1/cmr/m/n/
12 .
 []

[40]
File: AlgoRezo.eps Graphic file (type eps)
 <AlgoRezo.eps> [41]
File: Schema_noeud.eps Graphic file (type eps)
 <Schema_noeud.eps> [42] [43]
File: Algorithme_SARAP.eps Graphic file (type eps)
 <Algorithme_SARAP.eps>
File: Ex_Res_SARAP.eps Graphic file (type eps)

<Ex_Res_SARAP.eps> [44] [45] [46] [47] [48] [49] [50] [51] [52] [53]
File: Atten_Alpha.eps Graphic file (type eps)

<Atten_Alpha.eps>)) [54]
("E:\Mascaret\doc\FR\Note de principe MASCARET\noyauTRSC.tex" [55


] [56]
File: VueLong.eps Graphic file (type eps)

<VueLong.eps>
File: VueLat.eps Graphic file (type eps)
 <VueLat.eps> [57]
File: VueLong2.eps Graphic file (type eps)
 <VueLong2.eps> [58] [59] [60] [61]
File: 2Carac.eps Graphic file (type eps)

<2Carac.eps> [62]
File: 3Carac.eps Graphic file (type eps)
 <3Carac.eps>
File: Trajec_Choc.eps Graphic file (type eps)
 <Trajec_Choc.eps> [63] [64]
File: Trajec_imposs.eps Graphic file (type eps)
 <Trajec_imposs.eps>
[65]
File: Vitesse.eps Graphic file (type eps)
 <Vitesse.eps> [66] [67] [68]
File: Schema1.eps Graphic file (type eps)
 <Schema1.eps> [69] [70] [71] [72] [73]
[74] [75] [76] [77] [78] [79] [80] [81] [82] [83] [84] [85] [86] [87] [88]
[89] [90]
File: AmontFluvial.eps Graphic file (type eps)
 <AmontFluvial.eps> [91]
File: AmontTorrentiel.eps Graphic file (type eps)
 <AmontTorrentiel.eps>
File: AvalFluvial.eps Graphic file (type eps)
 <AvalFluvial.eps>
[92]
File: AvalTorrentiel.eps Graphic file (type eps)
 <AvalTorrentiel.eps>
File: NDomaine.eps Graphic file (type eps)
 <NDomaine.eps> [93] [94] [95] [96] [97] [98]
File: Lits.eps Graphic file (type eps)

<Lits.eps> [99] [100] [101] [102]
File: ConfPar.eps Graphic file (type eps)
 <ConfPar.eps>
File: ConfPar2.eps Graphic file (type eps)
 <ConfPar2.eps> [103] [104]
[105]
File: cr1.eps Graphic file (type eps)
 <cr1.eps>
File: cr2.eps Graphic file (type eps)
 <cr2.eps>
File: cr3.eps Graphic file (type eps)
 <cr3.eps> [106]
File: cr4.eps Graphic file (type eps)
 <cr4.eps>
File: cr5.eps Graphic file (type eps)
 <cr5.eps> [107] [108]
File: posSing.eps Graphic file (type eps)

<posSing.eps> [109] [110]
File: BarPds.eps Graphic file (type eps)
 <BarPds.eps> [111]
File: Sden.eps Graphic file (type eps)
 <Sden.eps> [112]
File: Snoy.eps Graphic file (type eps)
 <Snoy.eps>
[113]
File: CoefEn.eps Graphic file (type eps)
 <CoefEn.eps> [114] [115] [116] [117] [118] [119] [120] [121] [122])
[123] ("E:\Mascaret\doc\FR\Note de principe MASCARET\Casier.tex"
File: CasierRiv.eps Graphic file (type eps)

<CasierRiv.eps> [124


] [125]
File: Lchenal1.eps Graphic file (type eps)
 <Lchenal1.eps> [126]
File: Lchenal2.eps Graphic file (type eps)
 <Lchenal2.eps> [127] [128]
[129]
File: Lorifice.eps Graphic file (type eps)
 <Lorifice.eps> [130] [131] [132]
File: CR.eps Graphic file (type eps)
 <CR.eps> [133] [134]
Overfull \hbox (24.34238pt too wide) detected at line 546
[] [] \OT1/cmr/m/n/12 = []
 []

[135] [136] [137]
File: PlanimCasier.eps Graphic file (type eps)
 <PlanimCasier.eps>) [138] [139] [140]
("E:\Mascaret\doc\FR\Note de principe MASCARET\Calage.tex" [141


] [142] [143]
[144]
Overfull \hbox (5.42566pt too wide) in paragraph at lines 160--162
[]\T1/cmr/m/n/12 Comme in-di-qué pré-cé-dem-ment, le fonc-tion-ne-ment in-terne
 du sol-veur \T1/cmtt/m/n/12 N2QN1
 []

[145]
Overfull \hbox (14.12077pt too wide) in paragraph at lines 183--185
\T1/cmr/m/n/12 exemple :[][][][]),permettant le cal-cul de dé-ri-vées exactes.
 []

[146]) [147] [148

] [149]
Package atveryend Info: Empty hook `BeforeClearDocument' on input line 241.
 [150]
Package atveryend Info: Empty hook `AfterLastShipout' on input line 241.

("E:\Mascaret\doc\FR\Note de principe MASCARET\Princip_FR.aux"
("E:\Mascaret\doc\FR\Note de principe MASCARET\Introduction.aux")
("E:\Mascaret\doc\FR\Note de principe MASCARET\noyauxDF.aux")
("E:\Mascaret\doc\FR\Note de principe MASCARET\noyauTRSC.aux")
("E:\Mascaret\doc\FR\Note de principe MASCARET\Casier.aux")
("E:\Mascaret\doc\FR\Note de principe MASCARET\Calage.aux"))
Package atveryend Info: Empty hook `AtVeryEndDocument' on input line 241.
Package atveryend Info: Executing hook `AtEndAfterFileList' on input line 241.
Package rerunfilecheck Info: File `Princip_FR.out' has not changed.
(rerunfilecheck)             Checksum: 7B3A0765CC81ADD59612F203AF61A9F3;5599.
Package atveryend Info: Empty hook `AtVeryVeryEnd' on input line 241.
 ) 
Here is how much of TeX's memory you used:
 6496 strings out of 494020
 94412 string characters out of 3132514
 215564 words of memory out of 3000000
 9596 multiletter control sequences out of 15000+200000
 28660 words of font info for 76 fonts, out of 3000000 for 9000
 714 hyphenation exceptions out of 8191
 32i,13n,30p,1027b,517s stack positions out of 5000i,500n,10000p,200000b,50000s

Output written on Princip_FR.dvi (151 pages, 585480 bytes).
