\BOOKMARK [1][-]{section.1}{Introduction et hypothèses générales}{}% 1
\BOOKMARK [2][-]{subsection.1.1}{Introduction}{section.1}% 2
\BOOKMARK [2][-]{subsection.1.2}{Hypothèses générales}{section.1}% 3
\BOOKMARK [2][-]{subsection.1.3}{Définitions et notations}{section.1}% 4
\BOOKMARK [3][-]{subsubsection.1.3.1}{Définitions}{subsection.1.3}% 5
\BOOKMARK [3][-]{subsubsection.1.3.2}{Notations}{subsection.1.3}% 6
\BOOKMARK [1][-]{section.2}{Les noyaux DF permanent \(SARAP\) et transitoire \(REZO\)}{}% 7
\BOOKMARK [2][-]{subsection.2.1}{Principe de la modélisation}{section.2}% 8
\BOOKMARK [3][-]{subsubsection.2.1.1}{Définitions et notations}{subsection.2.1}% 9
\BOOKMARK [3][-]{subsubsection.2.1.2}{Modélisation de base en lit mineur d'un bief}{subsection.2.1}% 10
\BOOKMARK [3][-]{subsubsection.2.1.3}{Modélisation en lit composé d'un bief}{subsection.2.1}% 11
\BOOKMARK [3][-]{subsubsection.2.1.4}{Traitement des zones de stockage}{subsection.2.1}% 12
\BOOKMARK [3][-]{subsubsection.2.1.5}{Traitement des apports}{subsection.2.1}% 13
\BOOKMARK [3][-]{subsubsection.2.1.6}{Traitement des n\234uds}{subsection.2.1}% 14
\BOOKMARK [3][-]{subsubsection.2.1.7}{Pertes de charges singulières}{subsection.2.1}% 15
\BOOKMARK [3][-]{subsubsection.2.1.8}{Singularités}{subsection.2.1}% 16
\BOOKMARK [3][-]{subsubsection.2.1.9}{Passages en charge}{subsection.2.1}% 17
\BOOKMARK [2][-]{subsection.2.2}{Méthodes de résolution}{section.2}% 18
\BOOKMARK [3][-]{subsubsection.2.2.1}{Ecoulement permanent dans un bief}{subsection.2.2}% 19
\BOOKMARK [3][-]{subsubsection.2.2.2}{Ecoulement non permanent dans un bief}{subsection.2.2}% 20
\BOOKMARK [3][-]{subsubsection.2.2.3}{Traitement des n\234uds en régime fluvial permanent}{subsection.2.2}% 21
\BOOKMARK [3][-]{subsubsection.2.2.4}{Traitement des n\234uds en fluvial non-permanent}{subsection.2.2}% 22
\BOOKMARK [3][-]{subsubsection.2.2.5}{Traitement des singularités}{subsection.2.2}% 23
\BOOKMARK [3][-]{subsubsection.2.2.6}{Empêchement du régime torrentiel en non-permanent}{subsection.2.2}% 24
\BOOKMARK [1][-]{section.3}{Le noyau transcritique VF \(MASCARET\)}{}% 25
\BOOKMARK [2][-]{subsection.3.1}{Introduction}{section.3}% 26
\BOOKMARK [2][-]{subsection.3.2}{Equations de Saint-Venant sous forme conservative}{section.3}% 27
\BOOKMARK [3][-]{subsubsection.3.2.1}{Ecriture générale des équations \(rappel\)}{subsection.3.2}% 28
\BOOKMARK [3][-]{subsubsection.3.2.2}{Ecriture sous forme conservative}{subsection.3.2}% 29
\BOOKMARK [3][-]{subsubsection.3.2.3}{Invariants de Riemann}{subsection.3.2}% 30
\BOOKMARK [3][-]{subsubsection.3.2.4}{Le ressaut}{subsection.3.2}% 31
\BOOKMARK [2][-]{subsection.3.3}{Résolution numérique des équations de St-Venant}{section.3}% 32
\BOOKMARK [3][-]{subsubsection.3.3.1}{Utilisation d'un schéma explicite}{subsection.3.3}% 33
\BOOKMARK [3][-]{subsubsection.3.3.2}{Utilisation d'un schéma implicite}{subsection.3.3}% 34
\BOOKMARK [3][-]{subsubsection.3.3.3}{Traitement des termes sources}{subsection.3.3}% 35
\BOOKMARK [3][-]{subsubsection.3.3.4}{Prise en compte des conditions aux limites}{subsection.3.3}% 36
\BOOKMARK [3][-]{subsubsection.3.3.5}{Traitement des zones sèches}{subsection.3.3}% 37
\BOOKMARK [2][-]{subsection.3.4}{Modélisation de phénomènes physiques plus complexes}{section.3}% 38
\BOOKMARK [3][-]{subsubsection.3.4.1}{Introduction d'une modélisation de lit composé}{subsection.3.4}% 39
\BOOKMARK [3][-]{subsubsection.3.4.2}{Traitement des confluents}{subsection.3.4}% 40
\BOOKMARK [3][-]{subsubsection.3.4.3}{Prise en compte des singularités}{subsection.3.4}% 41
\BOOKMARK [3][-]{subsubsection.3.4.4}{Prise en compte des barrages qui s'érodent}{subsection.3.4}% 42
\BOOKMARK [3][-]{subsubsection.3.4.5}{Lois de seuil mince et épais}{subsection.3.4}% 43
\BOOKMARK [3][-]{subsubsection.3.4.6}{Bilan sur les singularités}{subsection.3.4}% 44
\BOOKMARK [3][-]{subsubsection.3.4.7}{Prise en compte de termes non hydrostatiques}{subsection.3.4}% 45
\BOOKMARK [1][-]{section.4}{Le code CASIER}{}% 46
\BOOKMARK [2][-]{subsection.4.1}{Introduction}{section.4}% 47
\BOOKMARK [2][-]{subsection.4.2}{Principe général}{section.4}% 48
\BOOKMARK [2][-]{subsection.4.3}{Détermination des débits d'échange}{section.4}% 49
\BOOKMARK [3][-]{subsubsection.4.3.1}{Liaison seuil déversant}{subsection.4.3}% 50
\BOOKMARK [3][-]{subsubsection.4.3.2}{Liaison chenal}{subsection.4.3}% 51
\BOOKMARK [3][-]{subsubsection.4.3.3}{Liaison siphon}{subsection.4.3}% 52
\BOOKMARK [3][-]{subsubsection.4.3.4}{Liaison orifice}{subsection.4.3}% 53
\BOOKMARK [3][-]{subsubsection.4.3.5}{Coefficient d'ennoiement ou coefficient de correction}{subsection.4.3}% 54
\BOOKMARK [3][-]{subsubsection.4.3.6}{Apport de pluie}{subsection.4.3}% 55
\BOOKMARK [2][-]{subsection.4.4}{Couplage avec le noyau fluvial}{section.4}% 56
\BOOKMARK [2][-]{subsection.4.5}{Pré-traitement des données}{section.4}% 57
\BOOKMARK [1][-]{section.5}{Le calage automatique du coefficient de Strickler}{}% 58
\BOOKMARK [2][-]{subsection.5.1}{Introduction}{section.5}% 59
\BOOKMARK [2][-]{subsection.5.2}{Position du problème}{section.5}% 60
\BOOKMARK [2][-]{subsection.5.3}{Algorithme d'identification des coefficients de Strickler}{section.5}% 61
\BOOKMARK [3][-]{subsubsection.5.3.1}{Rappels des équations de Saint-Venant}{subsection.5.3}% 62
\BOOKMARK [3][-]{subsubsection.5.3.2}{Présentation du programme d'optimisation}{subsection.5.3}% 63
\BOOKMARK [2][-]{subsection.5.4}{Méthode de calage d'un lit composé}{section.5}% 64
\BOOKMARK [2][-]{subsection.5.5}{Validation et conclusions}{section.5}% 65
