\BOOKMARK [1][-]{section.1}{Introduction and general hypothesis}{}% 1
\BOOKMARK [2][-]{subsection.1.1}{Introduction}{section.1}% 2
\BOOKMARK [2][-]{subsection.1.2}{General hypothesis}{section.1}% 3
\BOOKMARK [2][-]{subsection.1.3}{Definitions and notations}{section.1}% 4
\BOOKMARK [3][-]{subsubsection.1.3.1}{Definitions}{subsection.1.3}% 5
\BOOKMARK [3][-]{subsubsection.1.3.2}{Notations}{subsection.1.3}% 6
\BOOKMARK [1][-]{section.2}{The F.D. steady and unsteady engines}{}% 7
\BOOKMARK [2][-]{subsection.2.1}{The modelling principles}{section.2}% 8
\BOOKMARK [3][-]{subsubsection.2.1.1}{Definitions and notations}{subsection.2.1}% 9
\BOOKMARK [3][-]{subsubsection.2.1.2}{Basic modelling of a reach with low flow}{subsection.2.1}% 10
\BOOKMARK [3][-]{subsubsection.2.1.3}{Modelling a reach with high flow: compound channel}{subsection.2.1}% 11
\BOOKMARK [3][-]{subsubsection.2.1.4}{Treatment of the storage zones}{subsection.2.1}% 12
\BOOKMARK [3][-]{subsubsection.2.1.5}{Treatment of inflows}{subsection.2.1}% 13
\BOOKMARK [3][-]{subsubsection.2.1.6}{Treatment of junctions}{subsection.2.1}% 14
\BOOKMARK [3][-]{subsubsection.2.1.7}{Singular head losses}{subsection.2.1}% 15
\BOOKMARK [3][-]{subsubsection.2.1.8}{Singularities}{subsection.2.1}% 16
\BOOKMARK [3][-]{subsubsection.2.1.9}{Surcharged flow}{subsection.2.1}% 17
\BOOKMARK [2][-]{subsection.2.2}{Solution methods}{section.2}% 18
\BOOKMARK [3][-]{subsubsection.2.2.1}{Steady flow in a reach}{subsection.2.2}% 19
\BOOKMARK [3][-]{subsubsection.2.2.2}{Unsteady flow in a reach}{subsection.2.2}% 20
\BOOKMARK [3][-]{subsubsection.2.2.3}{Treatment of junctions in a steady subcritical regime}{subsection.2.2}% 21
\BOOKMARK [3][-]{subsubsection.2.2.4}{Computation of junctions in unsteady subcritical flow}{subsection.2.2}% 22
\BOOKMARK [3][-]{subsubsection.2.2.5}{Treatment of the singularities}{subsection.2.2}% 23
\BOOKMARK [3][-]{subsubsection.2.2.6}{Dealing with the transcritical flows}{subsection.2.2}% 24
\BOOKMARK [1][-]{section.3}{The F.V. unsteady transcritical engine}{}% 25
\BOOKMARK [2][-]{subsection.3.1}{Introduction}{section.3}% 26
\BOOKMARK [2][-]{subsection.3.2}{Equations of Saint-Venant in a conservative form}{section.3}% 27
\BOOKMARK [3][-]{subsubsection.3.2.1}{General form of the equations \(a reminder\)}{subsection.3.2}% 28
\BOOKMARK [3][-]{subsubsection.3.2.2}{Equations written in a conservative form}{subsection.3.2}% 29
\BOOKMARK [3][-]{subsubsection.3.2.3}{Riemann invariants}{subsection.3.2}% 30
\BOOKMARK [3][-]{subsubsection.3.2.4}{The hydraulic jump}{subsection.3.2}% 31
\BOOKMARK [2][-]{subsection.3.3}{Numerical solution of the St-Venant equations}{section.3}% 32
\BOOKMARK [3][-]{subsubsection.3.3.1}{The explicit scheme}{subsection.3.3}% 33
\BOOKMARK [3][-]{subsubsection.3.3.2}{Use of the implicit scheme}{subsection.3.3}% 34
\BOOKMARK [3][-]{subsubsection.3.3.3}{Treatment of the source terms}{subsection.3.3}% 35
\BOOKMARK [3][-]{subsubsection.3.3.4}{Boundary conditions}{subsection.3.3}% 36
\BOOKMARK [3][-]{subsubsection.3.3.5}{Dry areas}{subsection.3.3}% 37
\BOOKMARK [2][-]{subsection.3.4}{Representation of more complex physical phenomena}{section.3}% 38
\BOOKMARK [3][-]{subsubsection.3.4.1}{Introduction to the modelling of compound channels}{subsection.3.4}% 39
\BOOKMARK [3][-]{subsubsection.3.4.2}{Confluence}{subsection.3.4}% 40
\BOOKMARK [3][-]{subsubsection.3.4.3}{Singularities}{subsection.3.4}% 41
\BOOKMARK [3][-]{subsubsection.3.4.4}{Eroding dams}{subsection.3.4}% 42
\BOOKMARK [3][-]{subsubsection.3.4.5}{Broad-crested and sharp-crested weirs}{subsection.3.4}% 43
\BOOKMARK [3][-]{subsubsection.3.4.6}{Summary of the treatment of singularities}{subsection.3.4}% 44
\BOOKMARK [3][-]{subsubsection.3.4.7}{Non-hydrostatic terms}{subsection.3.4}% 45
\BOOKMARK [1][-]{section.4}{The CASIER solver}{}% 46
\BOOKMARK [2][-]{subsection.4.1}{Introduction}{section.4}% 47
\BOOKMARK [2][-]{subsection.4.2}{General principle}{section.4}% 48
\BOOKMARK [2][-]{subsection.4.3}{Derivation of the exchange flows}{section.4}% 49
\BOOKMARK [3][-]{subsubsection.4.3.1}{Weir link}{subsection.4.3}% 50
\BOOKMARK [3][-]{subsubsection.4.3.2}{Channel link}{subsection.4.3}% 51
\BOOKMARK [3][-]{subsubsection.4.3.3}{Siphon link}{subsection.4.3}% 52
\BOOKMARK [3][-]{subsubsection.4.3.4}{Orifice link}{subsection.4.3}% 53
\BOOKMARK [3][-]{subsubsection.4.3.5}{Drowning coefficient or correction coefficient}{subsection.4.3}% 54
\BOOKMARK [3][-]{subsubsection.4.3.6}{Contribution of rain}{subsection.4.3}% 55
\BOOKMARK [2][-]{subsection.4.4}{Coupling with the subcritical engine}{section.4}% 56
\BOOKMARK [2][-]{subsection.4.5}{Data pre-processing}{section.4}% 57
\BOOKMARK [1][-]{section.5}{Automatic calibration of the Strickler coefficient}{}% 58
\BOOKMARK [2][-]{subsection.5.1}{Introduction}{section.5}% 59
\BOOKMARK [2][-]{subsection.5.2}{Definition of the problem}{section.5}% 60
\BOOKMARK [2][-]{subsection.5.3}{Algorithm of estimation of the Strickler coefficients}{section.5}% 61
\BOOKMARK [3][-]{subsubsection.5.3.1}{Reminder on the Saint-Venant equations}{subsection.5.3}% 62
\BOOKMARK [3][-]{subsubsection.5.3.2}{Detailed presentation of the minimisation algorithm}{subsection.5.3}% 63
\BOOKMARK [2][-]{subsection.5.4}{Method of calibration for compound channels}{section.5}% 64
\BOOKMARK [2][-]{subsection.5.5}{Validation and conclusions}{section.5}% 65
