This is pdfTeX, Version 3.1415926-2.4-1.40.13 (TeX Live 2012/Debian) (format=latex 2015.2.19)  10 FEB 2016 09:05
entering extended mode
 restricted \write18 enabled.
 %&-line parsing enabled.
**Theoretical_Note_EN.tex
(./Theoretical_Note_EN.tex
LaTeX2e <2011/06/27>
Babel <v3.8m> and hyphenation patterns for english, dumylang, nohyphenation, fr
ench, basque, loaded.
(/usr/share/texlive/texmf-dist/tex/latex/base/article.cls
Document Class: article 2007/10/19 v1.4h Standard LaTeX document class
(/usr/share/texlive/texmf-dist/tex/latex/base/size12.clo
File: size12.clo 2007/10/19 v1.4h Standard LaTeX file (size option)
)
\c@part=\count79
\c@section=\count80
\c@subsection=\count81
\c@subsubsection=\count82
\c@paragraph=\count83
\c@subparagraph=\count84
\c@figure=\count85
\c@table=\count86
\abovecaptionskip=\skip41
\belowcaptionskip=\skip42
\bibindent=\dimen102
)
(/usr/share/texlive/texmf-dist/tex/latex/base/fontenc.sty
Package: fontenc 2005/09/27 v1.99g Standard LaTeX package

(/usr/share/texlive/texmf-dist/tex/latex/base/t1enc.def
File: t1enc.def 2005/09/27 v1.99g Standard LaTeX file
LaTeX Font Info:    Redeclaring font encoding T1 on input line 43.
))
(/usr/share/texlive/texmf-dist/tex/generic/babel/babel.sty
Package: babel 2008/07/08 v3.8m The Babel package

(/usr/share/texlive/texmf-dist/tex/generic/babel/english.ldf
Language: english 2005/03/30 v3.3o English support from the babel system

(/usr/share/texlive/texmf-dist/tex/generic/babel/babel.def
File: babel.def 2008/07/08 v3.8m Babel common definitions
\babel@savecnt=\count87
\U@D=\dimen103
)
\l@british = a dialect from \language\l@english 
\l@UKenglish = a dialect from \language\l@english 
\l@canadian = a dialect from \language\l@american 
\l@australian = a dialect from \language\l@british 
\l@newzealand = a dialect from \language\l@british 
))
(/usr/share/texlive/texmf-dist/tex/latex/tools/longtable.sty
Package: longtable 2004/02/01 v4.11 Multi-page Table package (DPC)
\LTleft=\skip43
\LTright=\skip44
\LTpre=\skip45
\LTpost=\skip46
\LTchunksize=\count88
\LTcapwidth=\dimen104
\LT@head=\box26
\LT@firsthead=\box27
\LT@foot=\box28
\LT@lastfoot=\box29
\LT@cols=\count89
\LT@rows=\count90
\c@LT@tables=\count91
\c@LT@chunks=\count92
\LT@p@ftn=\toks14
)
(/usr/share/texlive/texmf-dist/tex/latex/hyperref/hyperref.sty
Package: hyperref 2012/05/13 v6.82q Hypertext links for LaTeX

(/usr/share/texlive/texmf-dist/tex/generic/oberdiek/hobsub-hyperref.sty
Package: hobsub-hyperref 2012/05/28 v1.13 Bundle oberdiek, subset hyperref (HO)


(/usr/share/texlive/texmf-dist/tex/generic/oberdiek/hobsub-generic.sty
Package: hobsub-generic 2012/05/28 v1.13 Bundle oberdiek, subset generic (HO)
Package: hobsub 2012/05/28 v1.13 Construct package bundles (HO)
Package: infwarerr 2010/04/08 v1.3 Providing info/warning/error messages (HO)
Package: ltxcmds 2011/11/09 v1.22 LaTeX kernel commands for general use (HO)
Package: ifluatex 2010/03/01 v1.3 Provides the ifluatex switch (HO)
Package ifluatex Info: LuaTeX not detected.
Package: ifvtex 2010/03/01 v1.5 Detect VTeX and its facilities (HO)
Package ifvtex Info: VTeX not detected.
Package: intcalc 2007/09/27 v1.1 Expandable calculations with integers (HO)
Package: ifpdf 2011/01/30 v2.3 Provides the ifpdf switch (HO)
Package ifpdf Info: pdfTeX in PDF mode is not detected.
Package: etexcmds 2011/02/16 v1.5 Avoid name clashes with e-TeX commands (HO)
Package etexcmds Info: Could not find \expanded.
(etexcmds)             That can mean that you are not using pdfTeX 1.50 or
(etexcmds)             that some package has redefined \expanded.
(etexcmds)             In the latter case, load this package earlier.
Package: kvsetkeys 2012/04/25 v1.16 Key value parser (HO)
Package: kvdefinekeys 2011/04/07 v1.3 Define keys (HO)
Package: pdftexcmds 2011/11/29 v0.20 Utility functions of pdfTeX for LuaTeX (HO
)
Package pdftexcmds Info: LuaTeX not detected.
Package pdftexcmds Info: \pdf@primitive is available.
Package pdftexcmds Info: \pdf@ifprimitive is available.
Package pdftexcmds Info: \pdfdraftmode is ignored in DVI mode.
Package: pdfescape 2011/11/25 v1.13 Implements pdfTeX's escape features (HO)
Package: bigintcalc 2012/04/08 v1.3 Expandable calculations on big integers (HO
)
Package: bitset 2011/01/30 v1.1 Handle bit-vector datatype (HO)
Package: uniquecounter 2011/01/30 v1.2 Provide unlimited unique counter (HO)
)
Package hobsub Info: Skipping package `hobsub' (already loaded).
Package: letltxmacro 2010/09/02 v1.4 Let assignment for LaTeX macros (HO)
Package: hopatch 2012/05/28 v1.2 Wrapper for package hooks (HO)
Package: xcolor-patch 2011/01/30 xcolor patch
Package: atveryend 2011/06/30 v1.8 Hooks at the very end of document (HO)
Package atveryend Info: \enddocument detected (standard20110627).
Package: atbegshi 2011/10/05 v1.16 At begin shipout hook (HO)
Package: refcount 2011/10/16 v3.4 Data extraction from label references (HO)
Package: hycolor 2011/01/30 v1.7 Color options for hyperref/bookmark (HO)
)
(/usr/share/texlive/texmf-dist/tex/latex/graphics/keyval.sty
Package: keyval 1999/03/16 v1.13 key=value parser (DPC)
\KV@toks@=\toks15
)
(/usr/share/texlive/texmf-dist/tex/generic/ifxetex/ifxetex.sty
Package: ifxetex 2010/09/12 v0.6 Provides ifxetex conditional
)
(/usr/share/texlive/texmf-dist/tex/latex/oberdiek/kvoptions.sty
Package: kvoptions 2011/06/30 v3.11 Key value format for package options (HO)
)
\@linkdim=\dimen105
\Hy@linkcounter=\count93
\Hy@pagecounter=\count94

(/usr/share/texlive/texmf-dist/tex/latex/hyperref/pd1enc.def
File: pd1enc.def 2012/05/13 v6.82q Hyperref: PDFDocEncoding definition (HO)
)
\Hy@SavedSpaceFactor=\count95

(/usr/share/texlive/texmf-dist/tex/latex/latexconfig/hyperref.cfg
File: hyperref.cfg 2002/06/06 v1.2 hyperref configuration of TeXLive
)
Package hyperref Info: Hyper figures OFF on input line 4062.
Package hyperref Info: Link nesting OFF on input line 4067.
Package hyperref Info: Hyper index ON on input line 4070.
Package hyperref Info: Plain pages OFF on input line 4077.
Package hyperref Info: Backreferencing OFF on input line 4082.
Package hyperref Info: Implicit mode ON; LaTeX internals redefined.
Package hyperref Info: Bookmarks ON on input line 4300.
\c@Hy@tempcnt=\count96

(/usr/share/texlive/texmf-dist/tex/latex/url/url.sty
\Urlmuskip=\muskip10
Package: url 2006/04/12  ver 3.3  Verb mode for urls, etc.
)
LaTeX Info: Redefining \url on input line 4653.
\Fld@menulength=\count97
\Field@Width=\dimen106
\Fld@charsize=\dimen107
Package hyperref Info: Hyper figures OFF on input line 5773.
Package hyperref Info: Link nesting OFF on input line 5778.
Package hyperref Info: Hyper index ON on input line 5781.
Package hyperref Info: backreferencing OFF on input line 5788.
Package hyperref Info: Link coloring OFF on input line 5793.
Package hyperref Info: Link coloring with OCG OFF on input line 5798.
Package hyperref Info: PDF/A mode OFF on input line 5803.
LaTeX Info: Redefining \ref on input line 5843.
LaTeX Info: Redefining \pageref on input line 5847.
\Hy@abspage=\count98
\c@Item=\count99
\c@Hfootnote=\count100
)

Package hyperref Message: Driver (default): hdvips.

(/usr/share/texlive/texmf-dist/tex/latex/hyperref/hdvips.def
File: hdvips.def 2012/05/13 v6.82q Hyperref driver for dvips

(/usr/share/texlive/texmf-dist/tex/latex/hyperref/pdfmark.def
File: pdfmark.def 2012/05/13 v6.82q Hyperref definitions for pdfmark specials
\pdf@docset=\toks16
\pdf@box=\box30
\pdf@toks=\toks17
\pdf@defaulttoks=\toks18
\Fld@listcount=\count101
\c@bookmark@seq@number=\count102

(/usr/share/texlive/texmf-dist/tex/latex/oberdiek/rerunfilecheck.sty
Package: rerunfilecheck 2011/04/15 v1.7 Rerun checks for auxiliary files (HO)
Package uniquecounter Info: New unique counter `rerunfilecheck' on input line 2
82.
)
\Hy@SectionHShift=\skip47
))
(/usr/share/texlive/texmf-dist/tex/latex/multirow/multirow.sty
\bigstrutjot=\dimen108
)
(/usr/share/texlive/texmf-dist/tex/latex/amsmath/amsmath.sty
Package: amsmath 2000/07/18 v2.13 AMS math features
\@mathmargin=\skip48

For additional information on amsmath, use the `?' option.
(/usr/share/texlive/texmf-dist/tex/latex/amsmath/amstext.sty
Package: amstext 2000/06/29 v2.01

(/usr/share/texlive/texmf-dist/tex/latex/amsmath/amsgen.sty
File: amsgen.sty 1999/11/30 v2.0
\@emptytoks=\toks19
\ex@=\dimen109
))
(/usr/share/texlive/texmf-dist/tex/latex/amsmath/amsbsy.sty
Package: amsbsy 1999/11/29 v1.2d
\pmbraise@=\dimen110
)
(/usr/share/texlive/texmf-dist/tex/latex/amsmath/amsopn.sty
Package: amsopn 1999/12/14 v2.01 operator names
)
\inf@bad=\count103
LaTeX Info: Redefining \frac on input line 211.
\uproot@=\count104
\leftroot@=\count105
LaTeX Info: Redefining \overline on input line 307.
\classnum@=\count106
\DOTSCASE@=\count107
LaTeX Info: Redefining \ldots on input line 379.
LaTeX Info: Redefining \dots on input line 382.
LaTeX Info: Redefining \cdots on input line 467.
\Mathstrutbox@=\box31
\strutbox@=\box32
\big@size=\dimen111
LaTeX Font Info:    Redeclaring font encoding OML on input line 567.
LaTeX Font Info:    Redeclaring font encoding OMS on input line 568.
\macc@depth=\count108
\c@MaxMatrixCols=\count109
\dotsspace@=\muskip11
\c@parentequation=\count110
\dspbrk@lvl=\count111
\tag@help=\toks20
\row@=\count112
\column@=\count113
\maxfields@=\count114
\andhelp@=\toks21
\eqnshift@=\dimen112
\alignsep@=\dimen113
\tagshift@=\dimen114
\tagwidth@=\dimen115
\totwidth@=\dimen116
\lineht@=\dimen117
\@envbody=\toks22
\multlinegap=\skip49
\multlinetaggap=\skip50
\mathdisplay@stack=\toks23
LaTeX Info: Redefining \[ on input line 2666.
LaTeX Info: Redefining \] on input line 2667.
)
(/usr/share/texlive/texmf-dist/tex/latex/amsfonts/amsfonts.sty
Package: amsfonts 2009/06/22 v3.00 Basic AMSFonts support
\symAMSa=\mathgroup4
\symAMSb=\mathgroup5
LaTeX Font Info:    Overwriting math alphabet `\mathfrak' in version `bold'
(Font)                  U/euf/m/n --> U/euf/b/n on input line 96.
)
(/usr/share/texlive/texmf-dist/tex/latex/graphics/graphicx.sty
Package: graphicx 1999/02/16 v1.0f Enhanced LaTeX Graphics (DPC,SPQR)

(/usr/share/texlive/texmf-dist/tex/latex/graphics/graphics.sty
Package: graphics 2009/02/05 v1.0o Standard LaTeX Graphics (DPC,SPQR)

(/usr/share/texlive/texmf-dist/tex/latex/graphics/trig.sty
Package: trig 1999/03/16 v1.09 sin cos tan (DPC)
)
(/usr/share/texlive/texmf-dist/tex/latex/latexconfig/graphics.cfg
File: graphics.cfg 2010/04/23 v1.9 graphics configuration of TeX Live
)
Package graphics Info: Driver file: dvips.def on input line 91.

(/usr/share/texlive/texmf-dist/tex/latex/graphics/dvips.def
File: dvips.def 1999/02/16 v3.0i Driver-dependant file (DPC,SPQR)
))
\Gin@req@height=\dimen118
\Gin@req@width=\dimen119
)
(/usr/share/texlive/texmf-dist/tex/latex/graphics/lscape.sty
Package: lscape 2000/10/22 v3.01 Landscape Pages (DPC)
)
(./Theoretical_Note_EN.aux (./1_Introduction.aux) (./2_Engines_FD.aux)
(./3_Engine_FV.aux) (./4_StorageAreas.aux) (./5_Calibration.aux))
\openout1 = `Theoretical_Note_EN.aux'.

LaTeX Font Info:    Checking defaults for OML/cmm/m/it on input line 38.
LaTeX Font Info:    ... okay on input line 38.
LaTeX Font Info:    Checking defaults for T1/cmr/m/n on input line 38.
LaTeX Font Info:    ... okay on input line 38.
LaTeX Font Info:    Checking defaults for OT1/cmr/m/n on input line 38.
LaTeX Font Info:    ... okay on input line 38.
LaTeX Font Info:    Checking defaults for OMS/cmsy/m/n on input line 38.
LaTeX Font Info:    ... okay on input line 38.
LaTeX Font Info:    Checking defaults for OMX/cmex/m/n on input line 38.
LaTeX Font Info:    ... okay on input line 38.
LaTeX Font Info:    Checking defaults for U/cmr/m/n on input line 38.
LaTeX Font Info:    ... okay on input line 38.
LaTeX Font Info:    Checking defaults for PD1/pdf/m/n on input line 38.
LaTeX Font Info:    ... okay on input line 38.
\AtBeginShipoutBox=\box33
Package hyperref Info: Link coloring OFF on input line 38.

(/usr/share/texlive/texmf-dist/tex/latex/hyperref/nameref.sty
Package: nameref 2010/04/30 v2.40 Cross-referencing by name of section

(/usr/share/texlive/texmf-dist/tex/generic/oberdiek/gettitlestring.sty
Package: gettitlestring 2010/12/03 v1.4 Cleanup title references (HO)
)
\c@section@level=\count115
)
LaTeX Info: Redefining \ref on input line 38.
LaTeX Info: Redefining \pageref on input line 38.
LaTeX Info: Redefining \nameref on input line 38.

(./Theoretical_Note_EN.out) (./Theoretical_Note_EN.out)
\@outlinefile=\write3
\openout3 = `Theoretical_Note_EN.out'.

File: Figures/EDF_Logo.eps Graphic file (type eps)
 <Figures/EDF_Logo.eps>
LaTeX Font Info:    Try loading font information for U+msa on input line 49.

(/usr/share/texlive/texmf-dist/tex/latex/amsfonts/umsa.fd
File: umsa.fd 2009/06/22 v3.00 AMS symbols A
)
LaTeX Font Info:    Try loading font information for U+msb on input line 49.

(/usr/share/texlive/texmf-dist/tex/latex/amsfonts/umsb.fd
File: umsb.fd 2009/06/22 v3.00 AMS symbols B
)
File: Figures/CEREMA_Logo.eps Graphic file (type eps)

<Figures/CEREMA_Logo.eps>
Overfull \hbox (37.72614pt too wide) in paragraph at lines 52--53
 []
 []

LaTeX Font Info:    Try loading font information for OMS+cmr on input line 64.
(/usr/share/texlive/texmf-dist/tex/latex/base/omscmr.fd
File: omscmr.fd 1999/05/25 v2.5h Standard LaTeX font definitions
)
LaTeX Font Info:    Font shape `OMS/cmr/m/n' in size <17.28> not available
(Font)              Font shape `OMS/cmsy/m/n' tried instead on input line 64.
 [1

]
LaTeX Font Info:    Try loading font information for T1+cmtt on input line 80.

(/usr/share/texlive/texmf-dist/tex/latex/base/t1cmtt.fd
File: t1cmtt.fd 1999/05/25 v2.5h Standard LaTeX font definitions
)
Overfull \hbox (7.81633pt too wide) in paragraph at lines 80--83
\T1/cmr/m/n/10.95 and the Cen-tre d'Etudes et d'Expertise sur les Risques, l'En
vironnement,
 []


Overfull \hbox (5.28362pt too wide) in paragraph at lines 80--83
\T1/cmr/m/n/10.95 mod-elling soft-ware ded-i-cated to one-dimensional free-surf
ace flow, based
 []

LaTeX Font Info:    Font shape `OMS/cmr/m/n' in size <10.95> not available
(Font)              Font shape `OMS/cmsy/m/n' tried instead on input line 84.

Underfull \hbox (badness 10000) in paragraph at lines 101--102
\T1/cmr/m/n/10.95 tained[]. With the graph-i-cal in-ter-face \T1/cmtt/m/n/10.95
 FUDAA-MASCARET\T1/cmr/m/n/10.95 ,
 []

[1] (./Theoretical_Note_EN.toc [2]
LaTeX Font Info:    Font shape `T1/cmtt/bx/n' in size <12> not available
(Font)              Font shape `T1/cmtt/m/n' tried instead on input line 95.
)
\tf@toc=\write4
\openout4 = `Theoretical_Note_EN.toc'.

 [3]
\openout2 = `1_Introduction.aux'.

 (./1_Introduction.tex
File: Figures/MASCARET_system.eps Graphic file (type eps)

<Figures/MASCARET_system.eps> [4

]
LaTeX Font Info:    Font shape `OMS/cmr/m/n' in size <12> not available
(Font)              Font shape `OMS/cmsy/m/n' tried instead on input line 23.
 [5] [6]
File: Figures/Schema_profil.eps Graphic file (type eps)
 <Figures/Schema_profil.eps> [7]
[8]) [9]
\openout2 = `2_Engines_FD.aux'.

 (./2_Engines_FD.tex
LaTeX Font Info:    Font shape `T1/cmtt/bx/n' in size <17.28> not available
(Font)              Font shape `T1/cmtt/m/n' tried instead on input line 1.
 (./2_1_Engines_FD_Principles.tex [10


] [11]
[12] [13] [14] [15] [16] [17] [18] [19] [20]
File: Figures/Schema_confluent.eps Graphic file (type eps)
 <Figures/Schema_confluent.eps>
[21] [22] [23]
File: Figures/Schema_singularite.eps Graphic file (type eps)
 <Figures/Schema_singularite.eps> [24]
LaTeX Font Info:    Try loading font information for T1+cmss on input line 751.


(/usr/share/texlive/texmf-dist/tex/latex/base/t1cmss.fd
File: t1cmss.fd 1999/05/25 v2.5h Standard LaTeX font definitions
)
File: Figures/Schema_Seuil_Denoye.eps Graphic file (type eps)

<Figures/Schema_Seuil_Denoye.eps>
File: Figures/Schema_Seuil_Noye.eps Graphic file (type eps)
 <Figures/Schema_Seuil_Noye.eps> [25] [26]
[27]) (./2_2_Engines_FD_Resolution.tex [28]
File: Figures/Principe_Res_Perm.eps Graphic file (type eps)
 <Figures/Principe_Res_Perm.eps>
[29] [30]
File: Figures/Princ_Cal_Sol_Apr.eps Graphic file (type eps)
 <Figures/Princ_Cal_Sol_Apr.eps> [31]
File: Figures/Pass_Loc_Tor.eps Graphic file (type eps)
 <Figures/Pass_Loc_Tor.eps>
[32] [33] [34]
File: Figures/Disc_DF.eps Graphic file (type eps)
 <Figures/Disc_DF.eps> [35] [36] [37] [38] [39] [40] [41]
Overfull \hbox (3.4767pt too wide) in paragraph at lines 647--648
[]\T1/cmr/m/n/12 the in-ter-nal man-age-ment of the renum-ber-ing to pre-serve 
the sparse-
 []

File: Figures/AlgoRezo.eps Graphic file (type eps)
<Figures/AlgoRezo.eps> [42]
File: Figures/Schema_noeud.eps Graphic file (type eps)
 <Figures/Schema_noeud.eps>

LaTeX Warning: `h' float specifier changed to `ht'.

[43] [44] [45]
File: Figures/Algorithm_SARAP.eps Graphic file (type eps)
 <Figures/Algorithm_SARAP.eps>
File: Figures/Ex_Res_SARAP.eps Graphic file (type eps)
 <Figures/Ex_Res_SARAP.eps>
[46] [47] [48] [49] [50] [51] [52] [53] [54]
File: Figures/Atten_Alpha.eps Graphic file (type eps)
 <Figures/Atten_Alpha.eps>

LaTeX Warning: `h' float specifier changed to `ht'.

)) [55] [56]
\openout2 = `3_Engine_FV.aux'.

 (./3_Engine_FV.tex [57


] [58]
File: Figures/VueLong.eps Graphic file (type eps)
 <Figures/VueLong.eps>
File: Figures/VueLat.eps Graphic file (type eps)

<Figures/VueLat.eps> [59] [60]
File: Figures/VueLong2.eps Graphic file (type eps)
 <Figures/VueLong2.eps> [61] [62] [63]
File: Figures/2Carac.eps Graphic file (type eps)

<Figures/2Carac.eps> [64]
File: Figures/3Carac.eps Graphic file (type eps)
 <Figures/3Carac.eps>
File: Figures/Trajec_Choc.eps Graphic file (type eps)
 <Figures/Trajec_Choc.eps>
[65] [66]
File: Figures/Trajec_imposs.eps Graphic file (type eps)
 <Figures/Trajec_imposs.eps> [67]
File: Figures/Vitesse.eps Graphic file (type eps)
 <Figures/Vitesse.eps> [68] [69]
[70]
File: Figures/Schema1.eps Graphic file (type eps)
 <Figures/Schema1.eps> [71] [72] [73] [74] [75] [76] [77] [78] [79]
[80] [81] [82] [83] [84] [85] [86] [87] [88] [89] [90] [91] [92]
File: Figures/AmontFluvial.eps Graphic file (type eps)

<Figures/AmontFluvial.eps> [93]
File: Figures/AmontTorrentiel.eps Graphic file (type eps)
 <Figures/AmontTorrentiel.eps>
File: Figures/AvalFluvial.eps Graphic file (type eps)

<Figures/AvalFluvial.eps> [94]
File: Figures/AvalTorrentiel.eps Graphic file (type eps)
 <Figures/AvalTorrentiel.eps>
File: Figures/NDomaine.eps Graphic file (type eps)

<Figures/NDomaine.eps> [95] [96] [97] [98] [99] [100]
File: Figures/Lits.eps Graphic file (type eps)
 <Figures/Lits.eps>

LaTeX Warning: `h' float specifier changed to `ht'.

[101] [102] [103] [104]
File: Figures/ConfPar.eps Graphic file (type eps)
 <Figures/ConfPar.eps>

LaTeX Warning: `h' float specifier changed to `ht'.

[105]
File: Figures/ConfPar2.eps Graphic file (type eps)
 <Figures/ConfPar2.eps>

LaTeX Warning: `h' float specifier changed to `ht'.

[106] [107]
File: Figures/cr1.eps Graphic file (type eps)
 <Figures/cr1.eps>
File: Figures/cr2.eps Graphic file (type eps)
 <Figures/cr2.eps>
File: Figures/cr3.eps Graphic file (type eps)
 <Figures/cr3.eps> [108]
[109]
File: Figures/cr4.eps Graphic file (type eps)
 <Figures/cr4.eps>
File: Figures/cr5.eps Graphic file (type eps)
 <Figures/cr5.eps> [110] [111]
File: Figures/posSing.eps Graphic file (type eps)
 <Figures/posSing.eps>

LaTeX Warning: `h' float specifier changed to `ht'.

[112] [113]
File: Figures/BarPds.eps Graphic file (type eps)
 <Figures/BarPds.eps> [114]
File: Figures/Sden.eps Graphic file (type eps)
 <Figures/Sden.eps> [115]
File: Figures/Snoy.eps Graphic file (type eps)

<Figures/Snoy.eps> [116] [117]
File: Figures/CoefEn.eps Graphic file (type eps)
 <Figures/CoefEn.eps> [118] [119] [120] [121


]
[122] [123] [124] [125] [126]) [127]
\openout2 = `4_StorageAreas.aux'.

 (./4_StorageAreas.tex
File: Figures/CasierRiv.eps Graphic file (type eps)

<Figures/CasierRiv.eps> [128


] [129]

LaTeX Warning: Reference `ResContCas' on page 130 undefined on input line 74.

[130]
File: Figures/Lchenal1.eps Graphic file (type eps)
 <Figures/Lchenal1.eps>
File: Figures/Lchenal2.eps Graphic file (type eps)
 <Figures/Lchenal2.eps>

LaTeX Warning: `h' float specifier changed to `ht'.

[131] [132] [133]
File: Figures/Lorifice.eps Graphic file (type eps)
 <Figures/Lorifice.eps>

LaTeX Warning: `h' float specifier changed to `ht'.

[134] [135] [136] [137]
File: Figures/CR.eps Graphic file (type eps)
 <Figures/CR.eps> [138] [139]
Overfull \hbox (24.34238pt too wide) detected at line 557
[] [] \OT1/cmr/m/n/12 = []
 []

[140] [141] [142] [143] [144]
File: Figures/PlanimCasier.eps Graphic file (type eps)
 <Figures/PlanimCasier.eps>) [145


] [146]
\openout2 = `5_Calibration.aux'.


(./5_Calibration.tex [147


] [148] [149] [150] [151] [152]) [153] [154

] [155]
[156]
Package atveryend Info: Empty hook `BeforeClearDocument' on input line 244.
 [157]
Package atveryend Info: Empty hook `AfterLastShipout' on input line 244.
 (./Theoretical_Note_EN.aux (./1_Introduction.aux)
(./2_Engines_FD.aux) (./3_Engine_FV.aux) (./4_StorageAreas.aux)
(./5_Calibration.aux))
Package atveryend Info: Empty hook `AtVeryEndDocument' on input line 244.
Package atveryend Info: Executing hook `AtEndAfterFileList' on input line 244.
Package rerunfilecheck Info: File `Theoretical_Note_EN.out' has not changed.
(rerunfilecheck)             Checksum: 1A9228F52B93FECEFB2EF10ED0E7B465;5359.


LaTeX Warning: There were undefined references.

Package atveryend Info: Empty hook `AtVeryVeryEnd' on input line 244.
 ) 
Here is how much of TeX's memory you used:
 6181 strings out of 495031
 87773 string characters out of 3180784
 203225 words of memory out of 3000000
 9192 multiletter control sequences out of 15000+200000
 29115 words of font info for 76 fonts, out of 3000000 for 9000
 14 hyphenation exceptions out of 8191
 32i,13n,30p,1005b,470s stack positions out of 5000i,500n,10000p,200000b,50000s

Output written on Theoretical_Note_EN.dvi (158 pages, 577712 bytes).
